2023-06-19 18:06:36.199 [info] Added views:workbench.panel.markers.view in workbench.panel.markers
2023-06-19 18:06:36.199 [info] Added views:workbench.panel.output in workbench.panel.output
2023-06-19 18:06:36.199 [info] Added views:terminal in terminal
2023-06-19 18:06:36.199 [info] Added views:outline in workbench.view.explorer
2023-06-19 18:06:36.199 [info] Added views:workbench.scm in workbench.view.scm
2023-06-19 18:06:36.199 [info] Added views:workbench.view.search in workbench.view.search
2023-06-19 18:06:36.199 [info] Added views:timeline in workbench.view.explorer
2023-06-19 18:06:36.199 [info] Added views:workbench.explorer.emptyView in workbench.view.explorer
2023-06-19 18:06:36.322 [info] Added views:dockerContainers,dockerImages,dockerRegistries,dockerNetworks,dockerVolumes,vscode-docker.views.dockerContexts,vscode-docker.views.help in workbench.view.extension.dockerView
2023-06-19 18:06:36.322 [info] Added views:targetsContainers,devVolumes in workbench.view.remote
2023-06-19 18:06:36.323 [info] Added views:remoteTargets in workbench.view.remote
2023-06-19 18:06:36.323 [info] Added views:liveshare.session in workbench.view.extension.liveshare
2023-06-19 18:06:36.371 [info] Added views:workbench.debug.variablesView,workbench.debug.watchExpressionsView,workbench.debug.callStackView,workbench.debug.breakPointsView in workbench.view.debug
2023-06-19 18:06:36.451 [info] Added views:workbench.panel.repl.view in workbench.panel.output
2023-06-19 18:06:36.451 [info] Removed views:workbench.debug.breakPointsView,workbench.debug.callStackView,workbench.debug.watchExpressionsView,workbench.debug.variablesView from workbench.view.debug
2023-06-19 18:06:36.451 [info] Added views:workbench.debug.welcome in workbench.view.debug
2023-06-19 18:06:46.981 [info] Added views:workbench.panel.markers.view in workbench.panel.markers
2023-06-19 18:06:46.981 [info] Added views:workbench.panel.output in workbench.panel.output
2023-06-19 18:06:46.981 [info] Added views:terminal in terminal
2023-06-19 18:06:46.981 [info] Added views:outline in workbench.view.explorer
2023-06-19 18:06:46.981 [info] Added views:workbench.scm in workbench.view.scm
2023-06-19 18:06:46.981 [info] Added views:workbench.view.search in workbench.view.search
2023-06-19 18:06:46.981 [info] Added views:timeline in workbench.view.explorer
2023-06-19 18:06:46.981 [info] Added views:workbench.explorer.fileView in workbench.view.explorer
2023-06-19 18:06:47.042 [info] Added views:workbench.debug.variablesView,workbench.debug.watchExpressionsView,workbench.debug.callStackView,workbench.debug.breakPointsView in workbench.view.debug
2023-06-19 18:06:47.177 [info] Added views:dockerContainers,dockerImages,dockerRegistries,dockerNetworks,dockerVolumes,vscode-docker.views.dockerContexts,vscode-docker.views.help in workbench.view.extension.dockerView
2023-06-19 18:06:47.177 [info] Added views:targetsContainers,devVolumes in workbench.view.remote
2023-06-19 18:06:47.178 [info] Added views:remoteTargets in workbench.view.remote
2023-06-19 18:06:47.178 [info] Added views:liveshare.session in workbench.view.extension.liveshare
2023-06-19 18:06:47.306 [info] Added views:workbench.panel.repl.view in workbench.panel.output
2023-06-19 18:06:47.308 [info] Removed views:workbench.debug.breakPointsView,workbench.debug.callStackView,workbench.debug.watchExpressionsView,workbench.debug.variablesView from workbench.view.debug
2023-06-19 18:06:47.308 [info] Added views:workbench.debug.welcome in workbench.view.debug
2023-06-19 18:07:44.350 [info] Added views:workbench.views.extensions.installed,workbench.views.extensions.popular in workbench.view.extensions
2023-06-19 18:07:44.350 [info] Removed views:workbench.views.extensions.popular from workbench.view.extensions
2023-06-19 18:11:26.074 [info] Removed views:workbench.views.extensions.installed from workbench.view.extensions
2023-06-19 18:11:26.084 [info] Added views:workbench.views.extensions.marketplace in workbench.view.extensions
