2023-06-19 18:06:41.452 [info] Getting Manifest... james-yu.latex-workshop
2023-06-19 18:06:41.453 [info] Getting Manifest... ms-vscode.vscode-typescript-next
2023-06-19 18:06:41.558 [info] Installing extension: ms-vscode.vscode-typescript-next
2023-06-19 18:06:41.564 [info] Installing extension: james-yu.latex-workshop
2023-06-19 18:06:43.666 [warning] Extension signature verification failed with error 'EACCES': james-yu.latex-workshop
2023-06-19 18:06:43.688 [warning] Extension signature verification failed with error 'EACCES': ms-vscode.vscode-typescript-next
2023-06-19 18:06:43.949 [info] Extracted extension to /home/runfunrun/.vscode/extensions/.8ed7c2a1-d019-49d2-a274-8c3c165c88bd: ms-vscode.vscode-typescript-next
2023-06-19 18:06:43.953 [info] Renamed to /home/runfunrun/.vscode/extensions/ms-vscode.vscode-typescript-next-5.2.20230618
2023-06-19 18:06:43.954 [info] Extracting extension completed. ms-vscode.vscode-typescript-next
2023-06-19 18:06:43.960 [info] Extension installed successfully: ms-vscode.vscode-typescript-next
2023-06-19 18:06:43.961 [info] Marked extension as uninstalled ms-vscode.vscode-typescript-next-5.2.20230617
2023-06-19 18:06:44.186 [info] Extracted extension to /home/runfunrun/.vscode/extensions/.bf434559-6676-425e-8e20-6e256004d122: james-yu.latex-workshop
2023-06-19 18:06:44.191 [info] Renamed to /home/runfunrun/.vscode/extensions/james-yu.latex-workshop-9.12.0
2023-06-19 18:06:44.192 [info] Extracting extension completed. james-yu.latex-workshop
2023-06-19 18:06:44.197 [info] Extension installed successfully: james-yu.latex-workshop
2023-06-19 18:06:44.199 [info] Marked extension as uninstalled james-yu.latex-workshop-9.11.5
2023-06-19 18:11:29.437 [info] Uninstalling extension from the profile: ms-ceintl.vscode-language-pack-ja@1.79.2023061409 vscode-userdata:/home/runfunrun/.vscode/extensions/extensions.json
2023-06-19 18:11:29.458 [info] Removing language packs from the extension ms-ceintl.vscode-language-pack-ja
2023-06-19 18:11:29.487 [info] Marked extension as uninstalled ms-ceintl.vscode-language-pack-ja-1.79.2023061409
2023-06-19 18:11:29.750 [info] Successfully uninstalled extension from the profile ms-ceintl.vscode-language-pack-ja@1.79.2023061409 vscode-userdata:/home/runfunrun/.vscode/extensions/extensions.json
