2023-06-19 18:06:36.733 [info] Reading sessions from keychain...
2023-06-19 18:06:36.733 [info] Getting sessions for all scopes...
2023-06-19 18:06:36.733 [info] Getting sessions for all scopes...
2023-06-19 18:06:36.733 [info] Got 0 sessions for ...
2023-06-19 18:06:36.733 [info] Got 0 sessions for ...
2023-06-19 18:06:36.733 [info] Getting sessions for user:email...
2023-06-19 18:06:36.733 [info] Got 0 sessions for user:email...
2023-06-19 18:06:36.957 [info] Getting sessions for read:user...
2023-06-19 18:06:36.957 [info] Got 0 sessions for read:user...
2023-06-19 18:06:36.970 [info] Getting sessions for all scopes...
2023-06-19 18:06:36.970 [info] Got 0 sessions for ...
2023-06-19 18:06:37.034 [info] Getting sessions for user:email...
2023-06-19 18:06:37.034 [info] Got 0 sessions for user:email...
2023-06-19 18:06:37.137 [info] Getting sessions for read:user,repo,user:email,workflow...
2023-06-19 18:06:37.137 [info] Got 0 sessions for read:user,repo,user:email,workflow...
2023-06-19 18:06:47.444 [info] Reading sessions from keychain...
2023-06-19 18:06:47.444 [info] Getting sessions for all scopes...
2023-06-19 18:06:47.444 [info] Getting sessions for user:email...
2023-06-19 18:06:47.444 [info] Got 0 sessions for ...
2023-06-19 18:06:47.444 [info] Got 0 sessions for user:email...
2023-06-19 18:06:47.444 [info] Getting sessions for all scopes...
2023-06-19 18:06:47.444 [info] Got 0 sessions for ...
2023-06-19 18:06:47.529 [info] Getting sessions for all scopes...
2023-06-19 18:06:47.529 [info] Got 0 sessions for ...
2023-06-19 18:06:51.223 [info] Getting sessions for read:user...
2023-06-19 18:06:51.223 [info] Got 0 sessions for read:user...
2023-06-19 18:06:51.259 [info] Getting sessions for user:email...
2023-06-19 18:06:51.259 [info] Got 0 sessions for user:email...
2023-06-19 18:06:51.327 [info] Getting sessions for read:user,repo,user:email,workflow...
2023-06-19 18:06:51.327 [info] Got 0 sessions for read:user,repo,user:email,workflow...
