2023-06-19 19:42:38.492 [info] Reading sessions from keychain...
2023-06-19 19:42:38.492 [info] Getting sessions for all scopes...
2023-06-19 19:42:38.492 [info] Getting sessions for all scopes...
2023-06-19 19:42:38.492 [info] Got 0 sessions for ...
2023-06-19 19:42:38.492 [info] Got 0 sessions for ...
2023-06-19 19:42:38.492 [info] Getting sessions for user:email...
2023-06-19 19:42:38.492 [info] Got 0 sessions for user:email...
2023-06-19 19:42:38.732 [info] Getting sessions for read:user...
2023-06-19 19:42:38.732 [info] Got 0 sessions for read:user...
2023-06-19 19:42:38.747 [info] Getting sessions for all scopes...
2023-06-19 19:42:38.747 [info] Got 0 sessions for ...
2023-06-19 19:42:38.759 [info] Getting sessions for user:email...
2023-06-19 19:42:38.759 [info] Got 0 sessions for user:email...
2023-06-19 19:42:38.902 [info] Getting sessions for read:user,repo,user:email,workflow...
2023-06-19 19:42:38.902 [info] Got 0 sessions for read:user,repo,user:email,workflow...
2023-06-19 19:42:48.637 [info] Reading sessions from keychain...
2023-06-19 19:42:48.637 [info] Getting sessions for all scopes...
2023-06-19 19:42:48.637 [info] Getting sessions for user:email...
2023-06-19 19:42:48.637 [info] Got 0 sessions for ...
2023-06-19 19:42:48.637 [info] Got 0 sessions for user:email...
2023-06-19 19:42:48.637 [info] Getting sessions for all scopes...
2023-06-19 19:42:48.637 [info] Got 0 sessions for ...
2023-06-19 19:42:48.848 [info] Getting sessions for all scopes...
2023-06-19 19:42:48.849 [info] Got 0 sessions for ...
2023-06-19 19:42:49.452 [info] Getting sessions for read:user,repo,user:email,workflow...
2023-06-19 19:42:49.452 [info] Got 0 sessions for read:user,repo,user:email,workflow...
2023-06-19 19:42:50.941 [info] Getting sessions for read:user...
2023-06-19 19:42:50.941 [info] Got 0 sessions for read:user...
2023-06-19 19:42:50.941 [info] Getting sessions for user:email...
2023-06-19 19:42:50.941 [info] Got 0 sessions for user:email...
2023-06-19 22:36:43.155 [info] Logging in for the following scopes: user:email
2023-06-19 22:36:43.165 [info] Trying without local server... (user:email)
2023-06-19 22:37:13.032 [info] Logging in for the following scopes: user:email
2023-06-19 22:37:13.032 [info] Trying without local server... (user:email)
2023-06-19 22:41:43.182 [error] Timed out
2023-06-19 22:41:43.182 [error] Cancelled
2023-06-19 22:42:08.706 [info] Trying with local server... (user:email)
2023-06-19 22:42:09.712 [info] Exchanging code for token...
2023-06-19 22:42:10.646 [info] Token exchange success!
2023-06-19 22:42:10.647 [info] Getting user info...
2023-06-19 22:42:11.058 [info] Got account info!
2023-06-19 22:42:11.058 [info] Storing 1 sessions...
2023-06-19 22:42:11.071 [error] Setting token failed: Error: GDBus.Error:org.freedesktop.DBus.Error.ServiceUnknown: The name org.freedesktop.secrets was not provided by any .service files
2023-06-19 22:42:11.071 [info] Stored 1 sessions!
2023-06-19 22:42:11.071 [info] Login success!
2023-06-19 22:42:11.074 [info] Getting sessions for user:email...
2023-06-19 22:42:11.074 [info] Got 1 sessions for user:email...
2023-06-19 22:42:11.075 [info] Getting sessions for read:user,repo,user:email,workflow...
2023-06-19 22:42:11.075 [info] Got 0 sessions for read:user,repo,user:email,workflow...
2023-06-19 22:42:11.075 [info] Getting sessions for user:email...
2023-06-19 22:42:11.075 [info] Got 1 sessions for user:email...
2023-06-19 22:42:11.076 [info] Getting sessions for read:user...
2023-06-19 22:42:11.076 [info] Got 0 sessions for read:user...
2023-06-19 22:42:11.077 [info] Getting sessions for user:email...
2023-06-19 22:42:11.077 [info] Got 1 sessions for user:email...
