2023-06-19 19:42:38.495 [info] Configuration changed
2023-06-19 19:42:38.656 [info] /home/runfunrun/.config/Code/User/settings.json closed
2023-06-19 19:42:48.569 [info] Configuration changed
2023-06-19 19:42:48.579 [info] Configuration changed
2023-06-19 19:42:48.625 [info] Configuration changed
2023-06-19 19:42:48.636 [info] /home/runfunrun/.config/Code/User/settings.json closed
2023-06-19 19:42:55.323 [info] Active editor: file:///home/runfunrun/NixOS-Flake/flake.nix.tmp
2023-06-19 19:42:58.495 [info] /home/runfunrun/NixOS-Flake/flake.nix.tmp closed
2023-06-19 19:42:58.496 [info] /home/runfunrun/NixOS-Flake/flake.nix.tmp.git closed
2023-06-19 19:43:01.689 [info] Active editor: file:///home/runfunrun/NixOS-Flake/flake.nix
2023-06-19 19:43:07.741 [info] /home/runfunrun/NixOS-Flake/flake.nix closed
2023-06-19 19:43:07.742 [info] /home/runfunrun/NixOS-Flake/flake.nix.git closed
2023-06-19 19:43:07.749 [info] Active editor: file:///home/runfunrun/NixOS-Flake/flake.nix.tmp
2023-06-19 19:43:22.286 [info] /home/runfunrun/NixOS-Flake/flake.nix.tmp closed
2023-06-19 19:43:22.296 [info] /home/runfunrun/NixOS-Flake/flake.nix.tmp.git closed
2023-06-19 19:43:23.401 [info] Active editor: file:///home/runfunrun/NixOS-Flake/flake.nix
2023-06-19 19:44:08.698 [info] Executing :w
2023-06-19 19:46:15.371 [info] Executing :w
2023-06-19 19:46:41.765 [info] Executing :w
2023-06-19 19:46:53.474 [info] Executing :w
2023-06-19 19:47:07.387 [info] Executing :w
2023-06-19 19:49:20.713 [info] Executing :w
2023-06-19 19:49:43.619 [info] Executing :w
2023-06-19 19:50:04.958 [info] Executing :w
2023-06-19 19:50:15.204 [info] Executing :w
2023-06-19 19:51:29.394 [info] Executing :w
2023-06-19 19:59:39.803 [info] Executing :w
2023-06-19 20:00:01.312 [info] Executing :w
2023-06-19 20:03:50.669 [info] Executing :w
2023-06-19 20:06:23.565 [info] Executing :w
2023-06-19 20:06:58.459 [info] Executing :w
2023-06-19 20:08:10.336 [info] Executing :w
2023-06-19 20:08:34.394 [info] Executing :w
2023-06-19 20:08:40.964 [info] Active editor: vscode-userdata:/home/runfunrun/.config/Code/User/settings.json
2023-06-19 20:08:45.617 [info] Searching for U
2023-06-19 20:08:57.953 [info] /home/runfunrun/.config/Code/User/settings.json closed
2023-06-19 20:08:59.448 [info] Active editor: file:///home/runfunrun/NixOS-Flake/flake.nix
2023-06-19 20:09:17.216 [info] Executing :'<,'>w
2023-06-19 20:09:19.249 [info] Executing :w
2023-06-19 20:09:34.847 [info] Executing :w
2023-06-19 20:09:50.594 [info] Executing :w
2023-06-19 20:10:01.739 [info] Executing :w
2023-06-19 20:10:03.159 [info] Executing :w
2023-06-19 20:11:15.823 [info] Executing :w
2023-06-19 20:11:32.158 [info] Executing :w
2023-06-19 20:11:41.013 [info] /settings/user closed
2023-06-19 20:11:41.100 [info] /settings/resourceLanguage closed
2023-06-19 20:11:41.101 [info] /ignoredSettings closed
2023-06-19 20:11:41.128 [info] /launch closed
2023-06-19 20:11:41.131 [info] /token-styling closed
2023-06-19 20:11:41.132 [info] /textmate-colors closed
2023-06-19 20:11:41.134 [info] /workbench-colors closed
2023-06-19 20:11:49.039 [info] Executing :w
2023-06-19 20:11:59.368 [info] Executing :w
2023-06-19 20:12:36.115 [info] Executing :w
2023-06-19 20:13:24.267 [info] Executing :w
2023-06-19 22:34:59.979 [info] Executing :w
2023-06-19 22:35:25.930 [info] Active editor: file:///home/runfunrun/NixOS-Flake/flake.nix
2023-06-19 22:36:16.582 [info] /home/runfunrun/.config/Code/User/settings.json closed
2023-06-19 22:36:16.609 [info] Configuration changed
2023-06-19 22:36:26.202 [info] Configuration changed
2023-06-19 22:36:26.227 [info] Configuration changed
2023-06-19 22:36:26.254 [info] Configuration changed
