2023-06-19 19:42:38.492 [info] Log level: Info
2023-06-19 19:42:38.492 [info] Validating found git in: "git"
2023-06-19 19:42:38.492 [info] Using git "2.40.1" from "git"
2023-06-19 19:42:48.637 [info] Log level: Info
2023-06-19 19:42:48.637 [info] Validating found git in: "git"
2023-06-19 19:42:48.637 [info] Using git "2.40.1" from "git"
2023-06-19 19:42:48.637 [info] > git rev-parse --show-toplevel [6ms]
2023-06-19 19:42:48.637 [info] fatal: not a git repository (or any of the parent directories): .git
2023-06-19 19:42:48.637 [info] > git rev-parse --show-toplevel [10ms]
2023-06-19 19:42:48.637 [info] fatal: not a git repository (or any of the parent directories): .git
2023-06-19 19:42:48.637 [info] > git rev-parse --show-toplevel [1ms]
2023-06-19 19:42:48.637 [info] fatal: not a git repository (or any of the parent directories): .git
2023-06-19 19:42:48.637 [info] > git rev-parse --show-toplevel [2ms]
2023-06-19 19:42:48.637 [info] fatal: not a git repository (or any of the parent directories): .git
2023-06-19 19:42:48.637 [info] > git rev-parse --show-toplevel [134ms]
2023-06-19 19:42:48.637 [info] fatal: not a git repository (or any of the parent directories): .git
2023-06-19 19:42:48.637 [info] > git rev-parse --show-toplevel [53ms]
2023-06-19 19:42:48.637 [info] fatal: not a git repository (or any of the parent directories): .git
2023-06-19 19:42:48.638 [info] > git rev-parse --show-toplevel [6ms]
2023-06-19 19:42:48.638 [info] fatal: not a git repository (or any of the parent directories): .git
2023-06-19 19:42:48.650 [info] > git rev-parse --show-toplevel [7ms]
2023-06-19 19:42:48.650 [info] fatal: not a git repository (or any of the parent directories): .git
2023-06-19 19:42:48.769 [info] > git rev-parse --show-toplevel [113ms]
2023-06-19 19:42:48.804 [info] > git rev-parse --git-dir --git-common-dir [3ms]
2023-06-19 19:42:48.819 [info] Open repository: /home/runfunrun/.oh-my-zsh
2023-06-19 19:42:48.984 [info] > git config --get commit.template [140ms]
2023-06-19 19:42:48.984 [info] > git rev-parse --show-toplevel [151ms]
2023-06-19 19:42:48.984 [info] fatal: not a git repository (or any of the parent directories): .git
2023-06-19 19:42:49.053 [info] > git rev-parse --show-toplevel [64ms]
2023-06-19 19:42:49.053 [info] fatal: not a git repository (or any of the parent directories): .git
2023-06-19 19:42:49.080 [info] > git for-each-ref --format=%(refname)%00%(upstream:short)%00%(objectname)%00%(upstream:track)%00%(upstream:remotename)%00%(upstream:remoteref) refs/heads/master refs/remotes/master [3ms]
2023-06-19 19:42:49.092 [info] > git rev-parse --show-toplevel [31ms]
2023-06-19 19:42:49.092 [info] fatal: not a git repository (or any of the parent directories): .git
2023-06-19 19:42:49.125 [info] > git status -z -uall [33ms]
2023-06-19 19:42:49.131 [info] > git rev-parse --show-toplevel [21ms]
2023-06-19 19:42:49.131 [info] fatal: not a git repository (or any of the parent directories): .git
2023-06-19 19:42:49.209 [info] > git rev-parse --show-toplevel [60ms]
2023-06-19 19:42:49.209 [info] fatal: not a git repository (or any of the parent directories): .git
2023-06-19 19:42:49.232 [info] > git config --get commit.template [24ms]
2023-06-19 19:42:49.243 [info] > git rev-parse --show-toplevel [21ms]
2023-06-19 19:42:49.243 [info] fatal: not a git repository (or any of the parent directories): .git
2023-06-19 19:42:49.255 [info] > git for-each-ref --format=%(refname)%00%(upstream:short)%00%(objectname)%00%(upstream:track)%00%(upstream:remotename)%00%(upstream:remoteref) refs/heads/master refs/remotes/master [13ms]
2023-06-19 19:42:49.276 [info] > git rev-parse --show-toplevel [26ms]
2023-06-19 19:42:49.276 [info] fatal: not a git repository (or any of the parent directories): .git
2023-06-19 19:42:49.286 [info] > git rev-parse --show-toplevel [4ms]
2023-06-19 19:42:49.296 [info] > git status -z -uall [24ms]
2023-06-19 19:42:49.323 [info] > git rev-parse --git-dir --git-common-dir [30ms]
2023-06-19 19:42:49.340 [info] Open repository: /home/runfunrun/NixOS-Flake
2023-06-19 19:42:49.373 [info] > git config --get commit.template [18ms]
2023-06-19 19:42:49.373 [info] > git rev-parse --show-toplevel [26ms]
2023-06-19 19:42:49.374 [info] fatal: not a git repository (or any of the parent directories): .git
2023-06-19 19:42:49.417 [info] > git rev-parse --show-toplevel [23ms]
2023-06-19 19:42:49.417 [info] fatal: not a git repository (or any of the parent directories): .git
2023-06-19 19:42:49.431 [info] > git rev-parse --show-toplevel [6ms]
2023-06-19 19:42:49.431 [info] fatal: not a git repository (or any of the parent directories): .git
2023-06-19 19:42:49.445 [info] > git fetch [627ms]
2023-06-19 19:42:49.446 [info] > git for-each-ref --format=%(refname)%00%(upstream:short)%00%(objectname)%00%(upstream:track)%00%(upstream:remotename)%00%(upstream:remoteref) refs/heads/main refs/remotes/main [30ms]
2023-06-19 19:42:49.458 [info] > git status -z -uall [6ms]
2023-06-19 19:42:49.458 [info] > git rev-parse --show-toplevel [13ms]
2023-06-19 19:42:49.458 [info] fatal: not a git repository (or any of the parent directories): .git
2023-06-19 19:42:49.483 [info] > git rev-parse --show-toplevel [2ms]
2023-06-19 19:42:49.483 [info] fatal: not a git repository (or any of the parent directories): .git
2023-06-19 19:42:49.490 [info] > git config --get commit.template [32ms]
2023-06-19 19:42:49.573 [info] > git rev-parse --show-toplevel [83ms]
2023-06-19 19:42:49.573 [info] fatal: not a git repository (or any of the parent directories): .git
2023-06-19 19:42:49.588 [info] > git config --get commit.template [16ms]
2023-06-19 19:42:49.605 [info] > git for-each-ref --format=%(refname)%00%(upstream:short)%00%(objectname)%00%(upstream:track)%00%(upstream:remotename)%00%(upstream:remoteref) refs/heads/master refs/remotes/master [18ms]
2023-06-19 19:42:49.625 [info] > git for-each-ref --format=%(refname)%00%(upstream:short)%00%(objectname)%00%(upstream:track)%00%(upstream:remotename)%00%(upstream:remoteref) refs/heads/main refs/remotes/main [23ms]
2023-06-19 19:42:49.644 [info] > git status -z -uall [6ms]
2023-06-19 19:42:49.653 [info] > git status -z -uall [29ms]
2023-06-19 19:42:49.892 [info] > git check-ignore -v -z --stdin [2ms]
2023-06-19 19:42:49.894 [info] > git fetch [554ms]
2023-06-19 19:42:49.903 [info] > git check-ignore -v -z --stdin [21ms]
2023-06-19 19:42:49.915 [info] > git config --get commit.template [13ms]
2023-06-19 19:42:49.917 [info] > git for-each-ref --format=%(refname)%00%(upstream:short)%00%(objectname)%00%(upstream:track)%00%(upstream:remotename)%00%(upstream:remoteref) refs/heads/main refs/remotes/main [2ms]
2023-06-19 19:42:49.926 [info] > git status -z -uall [3ms]
2023-06-19 19:42:53.097 [info] > git check-ignore -v -z --stdin [1ms]
2023-06-19 19:42:55.552 [info] > git show --textconv :flake.nix.tmp [7ms]
2023-06-19 19:42:55.553 [info] > git ls-files --stage -- /home/runfunrun/NixOS-Flake/flake.nix.tmp [2ms]
2023-06-19 19:43:01.908 [info] > git show --textconv :flake.nix [5ms]
2023-06-19 19:43:01.908 [info] > git ls-files --stage -- /home/runfunrun/NixOS-Flake/flake.nix [1ms]
2023-06-19 19:43:01.913 [info] > git cat-file -s 18c9f6ca4ecb1930ed79c76e469296585b82844d [1ms]
2023-06-19 19:43:07.964 [info] > git show --textconv :flake.nix.tmp [4ms]
2023-06-19 19:43:07.965 [info] > git ls-files --stage -- /home/runfunrun/NixOS-Flake/flake.nix.tmp [1ms]
2023-06-19 19:43:23.434 [info] > git for-each-ref --format=%(refname)%00%(upstream:short)%00%(objectname)%00%(upstream:track)%00%(upstream:remotename)%00%(upstream:remoteref) refs/heads/main refs/remotes/main [1ms]
2023-06-19 19:43:23.434 [info] > git config --get commit.template [6ms]
2023-06-19 19:43:23.439 [info] > git status -z -uall [1ms]
2023-06-19 19:43:23.751 [info] > git show --textconv :flake.nix [4ms]
2023-06-19 19:43:23.751 [info] > git ls-files --stage -- /home/runfunrun/NixOS-Flake/flake.nix [1ms]
2023-06-19 19:43:23.756 [info] > git cat-file -s 18c9f6ca4ecb1930ed79c76e469296585b82844d [0ms]
2023-06-19 19:44:09.853 [info] > git config --get commit.template [4ms]
2023-06-19 19:44:09.853 [info] > git for-each-ref --format=%(refname)%00%(upstream:short)%00%(objectname)%00%(upstream:track)%00%(upstream:remotename)%00%(upstream:remoteref) refs/heads/main refs/remotes/main [1ms]
2023-06-19 19:44:09.857 [info] > git status -z -uall [1ms]
2023-06-19 19:45:15.302 [info] > git check-ignore -v -z --stdin [0ms]
2023-06-19 19:45:23.554 [info] > git check-ignore -v -z --stdin [1ms]
2023-06-19 19:45:24.129 [info] > git check-ignore -v -z --stdin [1ms]
2023-06-19 19:45:27.726 [info] > git check-ignore -v -z --stdin [0ms]
2023-06-19 19:45:30.119 [info] > git check-ignore -v -z --stdin [0ms]
2023-06-19 19:46:10.382 [info] > git fetch [542ms]
2023-06-19 19:46:10.390 [info] > git config --get commit.template [4ms]
2023-06-19 19:46:10.390 [info] > git for-each-ref --format=%(refname)%00%(upstream:short)%00%(objectname)%00%(upstream:track)%00%(upstream:remotename)%00%(upstream:remoteref) refs/heads/master refs/remotes/master [0ms]
2023-06-19 19:46:10.405 [info] > git fetch [560ms]
2023-06-19 19:46:10.410 [info] > git status -z -uall [17ms]
2023-06-19 19:46:10.411 [info] > git config --get commit.template [2ms]
2023-06-19 19:46:10.415 [info] > git for-each-ref --format=%(refname)%00%(upstream:short)%00%(objectname)%00%(upstream:track)%00%(upstream:remotename)%00%(upstream:remoteref) refs/heads/main refs/remotes/main [1ms]
2023-06-19 19:46:10.419 [info] > git status -z -uall [1ms]
2023-06-19 19:46:11.604 [info] > git config --get commit.template [4ms]
2023-06-19 19:46:11.605 [info] > git config --get commit.template [1ms]
2023-06-19 19:46:11.611 [info] > git for-each-ref --format=%(refname)%00%(upstream:short)%00%(objectname)%00%(upstream:track)%00%(upstream:remotename)%00%(upstream:remoteref) refs/heads/master refs/remotes/master [3ms]
2023-06-19 19:46:11.615 [info] > git for-each-ref --format=%(refname)%00%(upstream:short)%00%(objectname)%00%(upstream:track)%00%(upstream:remotename)%00%(upstream:remoteref) refs/heads/main refs/remotes/main [4ms]
2023-06-19 19:46:11.619 [info] > git status -z -uall [1ms]
2023-06-19 19:46:11.629 [info] > git status -z -uall [15ms]
2023-06-19 19:46:11.700 [info] > git ls-files --stage -- /home/runfunrun/NixOS-Flake/flake.nix [1ms]
2023-06-19 19:46:11.704 [info] > git cat-file -s 18c9f6ca4ecb1930ed79c76e469296585b82844d [1ms]
2023-06-19 19:46:11.709 [info] > git show --textconv :flake.nix [1ms]
2023-06-19 19:46:16.632 [info] > git config --get commit.template [6ms]
2023-06-19 19:46:16.633 [info] > git for-each-ref --format=%(refname)%00%(upstream:short)%00%(objectname)%00%(upstream:track)%00%(upstream:remotename)%00%(upstream:remoteref) refs/heads/main refs/remotes/main [0ms]
2023-06-19 19:46:16.638 [info] > git status -z -uall [1ms]
2023-06-19 19:46:42.914 [info] > git config --get commit.template [4ms]
2023-06-19 19:46:42.915 [info] > git for-each-ref --format=%(refname)%00%(upstream:short)%00%(objectname)%00%(upstream:track)%00%(upstream:remotename)%00%(upstream:remoteref) refs/heads/main refs/remotes/main [0ms]
2023-06-19 19:46:42.919 [info] > git status -z -uall [1ms]
2023-06-19 19:46:54.627 [info] > git config --get commit.template [4ms]
2023-06-19 19:46:54.628 [info] > git for-each-ref --format=%(refname)%00%(upstream:short)%00%(objectname)%00%(upstream:track)%00%(upstream:remotename)%00%(upstream:remoteref) refs/heads/main refs/remotes/main [0ms]
2023-06-19 19:46:54.632 [info] > git status -z -uall [1ms]
2023-06-19 19:47:08.535 [info] > git config --get commit.template [1ms]
2023-06-19 19:47:08.539 [info] > git for-each-ref --format=%(refname)%00%(upstream:short)%00%(objectname)%00%(upstream:track)%00%(upstream:remotename)%00%(upstream:remoteref) refs/heads/main refs/remotes/main [0ms]
2023-06-19 19:47:08.544 [info] > git status -z -uall [1ms]
2023-06-19 19:49:10.941 [info] > git fetch [517ms]
2023-06-19 19:49:10.946 [info] > git fetch [530ms]
2023-06-19 19:49:10.947 [info] > git config --get commit.template [1ms]
2023-06-19 19:49:10.955 [info] > git config --get commit.template [5ms]
2023-06-19 19:49:10.959 [info] > git for-each-ref --format=%(refname)%00%(upstream:short)%00%(objectname)%00%(upstream:track)%00%(upstream:remotename)%00%(upstream:remoteref) refs/heads/main refs/remotes/main [4ms]
2023-06-19 19:49:10.963 [info] > git for-each-ref --format=%(refname)%00%(upstream:short)%00%(objectname)%00%(upstream:track)%00%(upstream:remotename)%00%(upstream:remoteref) refs/heads/master refs/remotes/master [4ms]
2023-06-19 19:49:10.967 [info] > git status -z -uall [4ms]
2023-06-19 19:49:10.982 [info] > git status -z -uall [15ms]
2023-06-19 19:49:12.067 [info] > git config --get commit.template [3ms]
2023-06-19 19:49:12.067 [info] > git config --get commit.template [1ms]
2023-06-19 19:49:12.074 [info] > git for-each-ref --format=%(refname)%00%(upstream:short)%00%(objectname)%00%(upstream:track)%00%(upstream:remotename)%00%(upstream:remoteref) refs/heads/main refs/remotes/main [1ms]
2023-06-19 19:49:12.078 [info] > git for-each-ref --format=%(refname)%00%(upstream:short)%00%(objectname)%00%(upstream:track)%00%(upstream:remotename)%00%(upstream:remoteref) refs/heads/master refs/remotes/master [8ms]
2023-06-19 19:49:12.081 [info] > git status -z -uall [3ms]
2023-06-19 19:49:12.096 [info] > git status -z -uall [15ms]
2023-06-19 19:49:12.164 [info] > git ls-files --stage -- /home/runfunrun/NixOS-Flake/flake.nix [1ms]
2023-06-19 19:49:12.168 [info] > git cat-file -s 18c9f6ca4ecb1930ed79c76e469296585b82844d [1ms]
2023-06-19 19:49:12.173 [info] > git show --textconv :flake.nix [1ms]
2023-06-19 19:49:21.798 [info] > git config --get commit.template [4ms]
2023-06-19 19:49:21.798 [info] > git for-each-ref --format=%(refname)%00%(upstream:short)%00%(objectname)%00%(upstream:track)%00%(upstream:remotename)%00%(upstream:remoteref) refs/heads/main refs/remotes/main [1ms]
2023-06-19 19:49:21.803 [info] > git status -z -uall [2ms]
2023-06-19 19:49:44.706 [info] > git config --get commit.template [4ms]
2023-06-19 19:49:44.706 [info] > git for-each-ref --format=%(refname)%00%(upstream:short)%00%(objectname)%00%(upstream:track)%00%(upstream:remotename)%00%(upstream:remoteref) refs/heads/main refs/remotes/main [1ms]
2023-06-19 19:49:44.711 [info] > git status -z -uall [2ms]
2023-06-19 19:50:06.109 [info] > git config --get commit.template [4ms]
2023-06-19 19:50:06.109 [info] > git for-each-ref --format=%(refname)%00%(upstream:short)%00%(objectname)%00%(upstream:track)%00%(upstream:remotename)%00%(upstream:remoteref) refs/heads/main refs/remotes/main [0ms]
2023-06-19 19:50:06.114 [info] > git status -z -uall [1ms]
2023-06-19 19:50:16.353 [info] > git config --get commit.template [4ms]
2023-06-19 19:50:16.353 [info] > git for-each-ref --format=%(refname)%00%(upstream:short)%00%(objectname)%00%(upstream:track)%00%(upstream:remotename)%00%(upstream:remoteref) refs/heads/main refs/remotes/main [0ms]
2023-06-19 19:50:16.358 [info] > git status -z -uall [2ms]
2023-06-19 19:51:30.546 [info] > git config --get commit.template [4ms]
2023-06-19 19:51:30.547 [info] > git for-each-ref --format=%(refname)%00%(upstream:short)%00%(objectname)%00%(upstream:track)%00%(upstream:remotename)%00%(upstream:remoteref) refs/heads/main refs/remotes/main [1ms]
2023-06-19 19:51:30.551 [info] > git status -z -uall [1ms]
2023-06-19 19:53:02.129 [info] > git config --get commit.template [5ms]
2023-06-19 19:53:02.129 [info] > git for-each-ref --format=%(refname)%00%(upstream:short)%00%(objectname)%00%(upstream:track)%00%(upstream:remotename)%00%(upstream:remoteref) refs/heads/master refs/remotes/master [1ms]
2023-06-19 19:53:02.147 [info] > git status -z -uall [15ms]
2023-06-19 19:53:02.641 [info] > git fetch [527ms]
2023-06-19 19:53:02.648 [info] > git config --get commit.template [1ms]
2023-06-19 19:53:02.654 [info] > git for-each-ref --format=%(refname)%00%(upstream:short)%00%(objectname)%00%(upstream:track)%00%(upstream:remotename)%00%(upstream:remoteref) refs/heads/main refs/remotes/main [1ms]
2023-06-19 19:53:02.661 [info] > git status -z -uall [2ms]
2023-06-19 19:53:02.793 [info] > git fetch [674ms]
2023-06-19 19:53:02.805 [info] > git config --get commit.template [6ms]
2023-06-19 19:53:02.806 [info] > git for-each-ref --format=%(refname)%00%(upstream:short)%00%(objectname)%00%(upstream:track)%00%(upstream:remotename)%00%(upstream:remoteref) refs/heads/master refs/remotes/master [1ms]
2023-06-19 19:53:02.827 [info] > git status -z -uall [16ms]
2023-06-19 19:54:08.888 [info] > git config --get commit.template [1ms]
2023-06-19 19:54:08.888 [info] > git config --get commit.template [5ms]
2023-06-19 19:54:08.895 [info] > git for-each-ref --format=%(refname)%00%(upstream:short)%00%(objectname)%00%(upstream:track)%00%(upstream:remotename)%00%(upstream:remoteref) refs/heads/main refs/remotes/main [3ms]
2023-06-19 19:54:08.900 [info] > git for-each-ref --format=%(refname)%00%(upstream:short)%00%(objectname)%00%(upstream:track)%00%(upstream:remotename)%00%(upstream:remoteref) refs/heads/master refs/remotes/master [5ms]
2023-06-19 19:54:08.908 [info] > git status -z -uall [9ms]
2023-06-19 19:54:08.909 [info] > git ls-files --stage -- /home/runfunrun/NixOS-Flake/flake.nix [1ms]
2023-06-19 19:54:08.914 [info] > git cat-file -s 18c9f6ca4ecb1930ed79c76e469296585b82844d [1ms]
2023-06-19 19:54:08.919 [info] > git status -z -uall [15ms]
2023-06-19 19:54:08.919 [info] > git show --textconv :flake.nix [1ms]
2023-06-19 19:56:04.981 [info] > git fetch [600ms]
2023-06-19 19:56:04.986 [info] > git fetch [600ms]
2023-06-19 19:56:04.990 [info] > git config --get commit.template [4ms]
2023-06-19 19:56:04.993 [info] > git config --get commit.template [4ms]
2023-06-19 19:56:04.997 [info] > git for-each-ref --format=%(refname)%00%(upstream:short)%00%(objectname)%00%(upstream:track)%00%(upstream:remotename)%00%(upstream:remoteref) refs/heads/master refs/remotes/master [1ms]
2023-06-19 19:56:05.000 [info] > git for-each-ref --format=%(refname)%00%(upstream:short)%00%(objectname)%00%(upstream:track)%00%(upstream:remotename)%00%(upstream:remoteref) refs/heads/main refs/remotes/main [7ms]
2023-06-19 19:56:05.005 [info] > git status -z -uall [2ms]
2023-06-19 19:56:05.015 [info] > git status -z -uall [15ms]
2023-06-19 19:58:15.837 [info] > git config --get commit.template [4ms]
2023-06-19 19:58:15.841 [info] > git config --get commit.template [5ms]
2023-06-19 19:58:15.848 [info] > git for-each-ref --format=%(refname)%00%(upstream:short)%00%(objectname)%00%(upstream:track)%00%(upstream:remotename)%00%(upstream:remoteref) refs/heads/main refs/remotes/main [4ms]
2023-06-19 19:58:15.851 [info] > git ls-files --stage -- /home/runfunrun/NixOS-Flake/flake.nix [10ms]
2023-06-19 19:58:15.855 [info] > git status -z -uall [4ms]
2023-06-19 19:58:15.856 [info] > git for-each-ref --format=%(refname)%00%(upstream:short)%00%(objectname)%00%(upstream:track)%00%(upstream:remotename)%00%(upstream:remoteref) refs/heads/master refs/remotes/master [8ms]
2023-06-19 19:58:15.860 [info] > git cat-file -s 18c9f6ca4ecb1930ed79c76e469296585b82844d [5ms]
2023-06-19 19:58:15.865 [info] > git show --textconv :flake.nix [1ms]
2023-06-19 19:58:15.874 [info] > git status -z -uall [15ms]
2023-06-19 19:58:20.881 [info] > git config --get commit.template [1ms]
2023-06-19 19:58:20.885 [info] > git for-each-ref --format=%(refname)%00%(upstream:short)%00%(objectname)%00%(upstream:track)%00%(upstream:remotename)%00%(upstream:remoteref) refs/heads/master refs/remotes/master [1ms]
2023-06-19 19:58:20.902 [info] > git status -z -uall [14ms]
2023-06-19 19:59:32.441 [info] > git fetch [542ms]
2023-06-19 19:59:32.450 [info] > git config --get commit.template [4ms]
2023-06-19 19:59:32.451 [info] > git for-each-ref --format=%(refname)%00%(upstream:short)%00%(objectname)%00%(upstream:track)%00%(upstream:remotename)%00%(upstream:remoteref) refs/heads/main refs/remotes/main [1ms]
2023-06-19 19:59:32.456 [info] > git status -z -uall [2ms]
2023-06-19 19:59:32.467 [info] > git fetch [563ms]
2023-06-19 19:59:32.472 [info] > git config --get commit.template [1ms]
2023-06-19 19:59:32.476 [info] > git for-each-ref --format=%(refname)%00%(upstream:short)%00%(objectname)%00%(upstream:track)%00%(upstream:remotename)%00%(upstream:remoteref) refs/heads/master refs/remotes/master [1ms]
2023-06-19 19:59:32.494 [info] > git status -z -uall [15ms]
2023-06-19 19:59:33.540 [info] > git config --get commit.template [4ms]
2023-06-19 19:59:33.540 [info] > git for-each-ref --format=%(refname)%00%(upstream:short)%00%(objectname)%00%(upstream:track)%00%(upstream:remotename)%00%(upstream:remoteref) refs/heads/main refs/remotes/main [0ms]
2023-06-19 19:59:33.545 [info] > git status -z -uall [1ms]
2023-06-19 19:59:33.626 [info] > git config --get commit.template [1ms]
2023-06-19 19:59:33.631 [info] > git for-each-ref --format=%(refname)%00%(upstream:short)%00%(objectname)%00%(upstream:track)%00%(upstream:remotename)%00%(upstream:remoteref) refs/heads/master refs/remotes/master [1ms]
2023-06-19 19:59:33.649 [info] > git status -z -uall [15ms]
2023-06-19 19:59:33.726 [info] > git ls-files --stage -- /home/runfunrun/NixOS-Flake/flake.nix [0ms]
2023-06-19 19:59:33.731 [info] > git cat-file -s 18c9f6ca4ecb1930ed79c76e469296585b82844d [1ms]
2023-06-19 19:59:33.736 [info] > git show --textconv :flake.nix [1ms]
2023-06-19 19:59:40.948 [info] > git config --get commit.template [0ms]
2023-06-19 19:59:40.953 [info] > git for-each-ref --format=%(refname)%00%(upstream:short)%00%(objectname)%00%(upstream:track)%00%(upstream:remotename)%00%(upstream:remoteref) refs/heads/main refs/remotes/main [1ms]
2023-06-19 19:59:40.958 [info] > git status -z -uall [2ms]
2023-06-19 20:00:02.461 [info] > git config --get commit.template [4ms]
2023-06-19 20:00:02.461 [info] > git for-each-ref --format=%(refname)%00%(upstream:short)%00%(objectname)%00%(upstream:track)%00%(upstream:remotename)%00%(upstream:remoteref) refs/heads/main refs/remotes/main [1ms]
2023-06-19 20:00:02.466 [info] > git status -z -uall [1ms]
2023-06-19 20:02:34.667 [info] > git fetch [513ms]
2023-06-19 20:02:34.673 [info] > git config --get commit.template [0ms]
2023-06-19 20:02:34.677 [info] > git for-each-ref --format=%(refname)%00%(upstream:short)%00%(objectname)%00%(upstream:track)%00%(upstream:remotename)%00%(upstream:remoteref) refs/heads/main refs/remotes/main [1ms]
2023-06-19 20:02:34.682 [info] > git status -z -uall [2ms]
2023-06-19 20:02:34.735 [info] > git fetch [577ms]
2023-06-19 20:02:34.744 [info] > git config --get commit.template [4ms]
2023-06-19 20:02:34.744 [info] > git for-each-ref --format=%(refname)%00%(upstream:short)%00%(objectname)%00%(upstream:track)%00%(upstream:remotename)%00%(upstream:remoteref) refs/heads/master refs/remotes/master [0ms]
2023-06-19 20:02:34.762 [info] > git status -z -uall [14ms]
2023-06-19 20:02:35.818 [info] > git config --get commit.template [4ms]
2023-06-19 20:02:35.818 [info] > git for-each-ref --format=%(refname)%00%(upstream:short)%00%(objectname)%00%(upstream:track)%00%(upstream:remotename)%00%(upstream:remoteref) refs/heads/main refs/remotes/main [0ms]
2023-06-19 20:02:35.823 [info] > git status -z -uall [2ms]
2023-06-19 20:02:35.898 [info] > git config --get commit.template [4ms]
2023-06-19 20:02:35.898 [info] > git for-each-ref --format=%(refname)%00%(upstream:short)%00%(objectname)%00%(upstream:track)%00%(upstream:remotename)%00%(upstream:remoteref) refs/heads/master refs/remotes/master [1ms]
2023-06-19 20:02:35.915 [info] > git status -z -uall [14ms]
2023-06-19 20:02:35.994 [info] > git ls-files --stage -- /home/runfunrun/NixOS-Flake/flake.nix [1ms]
2023-06-19 20:02:35.998 [info] > git cat-file -s 18c9f6ca4ecb1930ed79c76e469296585b82844d [0ms]
2023-06-19 20:02:36.003 [info] > git show --textconv :flake.nix [1ms]
2023-06-19 20:03:51.815 [info] > git config --get commit.template [1ms]
2023-06-19 20:03:51.820 [info] > git for-each-ref --format=%(refname)%00%(upstream:short)%00%(objectname)%00%(upstream:track)%00%(upstream:remotename)%00%(upstream:remoteref) refs/heads/main refs/remotes/main [1ms]
2023-06-19 20:03:51.827 [info] > git status -z -uall [2ms]
2023-06-19 20:05:35.233 [info] > git fetch [545ms]
2023-06-19 20:05:35.245 [info] > git config --get commit.template [6ms]
2023-06-19 20:05:35.245 [info] > git for-each-ref --format=%(refname)%00%(upstream:short)%00%(objectname)%00%(upstream:track)%00%(upstream:remotename)%00%(upstream:remoteref) refs/heads/main refs/remotes/main [1ms]
2023-06-19 20:05:35.251 [info] > git status -z -uall [1ms]
2023-06-19 20:05:35.316 [info] > git fetch [549ms]
2023-06-19 20:05:35.325 [info] > git config --get commit.template [4ms]
2023-06-19 20:05:35.325 [info] > git for-each-ref --format=%(refname)%00%(upstream:short)%00%(objectname)%00%(upstream:track)%00%(upstream:remotename)%00%(upstream:remoteref) refs/heads/master refs/remotes/master [0ms]
2023-06-19 20:05:35.344 [info] > git status -z -uall [15ms]
2023-06-19 20:05:36.383 [info] > git config --get commit.template [1ms]
2023-06-19 20:05:36.387 [info] > git for-each-ref --format=%(refname)%00%(upstream:short)%00%(objectname)%00%(upstream:track)%00%(upstream:remotename)%00%(upstream:remoteref) refs/heads/main refs/remotes/main [0ms]
2023-06-19 20:05:36.392 [info] > git status -z -uall [1ms]
2023-06-19 20:05:36.479 [info] > git config --get commit.template [4ms]
2023-06-19 20:05:36.480 [info] > git for-each-ref --format=%(refname)%00%(upstream:short)%00%(objectname)%00%(upstream:track)%00%(upstream:remotename)%00%(upstream:remoteref) refs/heads/master refs/remotes/master [1ms]
2023-06-19 20:05:36.498 [info] > git status -z -uall [14ms]
2023-06-19 20:05:36.577 [info] > git ls-files --stage -- /home/runfunrun/NixOS-Flake/flake.nix [1ms]
2023-06-19 20:05:36.582 [info] > git cat-file -s 18c9f6ca4ecb1930ed79c76e469296585b82844d [1ms]
2023-06-19 20:05:36.588 [info] > git show --textconv :flake.nix [1ms]
2023-06-19 20:06:24.716 [info] > git config --get commit.template [4ms]
2023-06-19 20:06:24.716 [info] > git for-each-ref --format=%(refname)%00%(upstream:short)%00%(objectname)%00%(upstream:track)%00%(upstream:remotename)%00%(upstream:remoteref) refs/heads/main refs/remotes/main [0ms]
2023-06-19 20:06:24.721 [info] > git status -z -uall [1ms]
2023-06-19 20:06:59.611 [info] > git config --get commit.template [4ms]
2023-06-19 20:06:59.612 [info] > git for-each-ref --format=%(refname)%00%(upstream:short)%00%(objectname)%00%(upstream:track)%00%(upstream:remotename)%00%(upstream:remoteref) refs/heads/main refs/remotes/main [1ms]
2023-06-19 20:06:59.616 [info] > git status -z -uall [1ms]
2023-06-19 20:08:11.524 [info] > git config --get commit.template [4ms]
2023-06-19 20:08:11.525 [info] > git for-each-ref --format=%(refname)%00%(upstream:short)%00%(objectname)%00%(upstream:track)%00%(upstream:remotename)%00%(upstream:remoteref) refs/heads/main refs/remotes/main [1ms]
2023-06-19 20:08:11.529 [info] > git status -z -uall [1ms]
2023-06-19 20:08:35.763 [info] > git fetch [505ms]
2023-06-19 20:08:35.774 [info] > git config --get commit.template [5ms]
2023-06-19 20:08:35.774 [info] > git for-each-ref --format=%(refname)%00%(upstream:short)%00%(objectname)%00%(upstream:track)%00%(upstream:remotename)%00%(upstream:remoteref) refs/heads/main refs/remotes/main [1ms]
2023-06-19 20:08:35.781 [info] > git status -z -uall [1ms]
2023-06-19 20:08:35.789 [info] > git config --get commit.template [0ms]
2023-06-19 20:08:35.795 [info] > git for-each-ref --format=%(refname)%00%(upstream:short)%00%(objectname)%00%(upstream:track)%00%(upstream:remotename)%00%(upstream:remoteref) refs/heads/main refs/remotes/main [1ms]
2023-06-19 20:08:35.801 [info] > git status -z -uall [1ms]
2023-06-19 20:08:35.883 [info] > git fetch [533ms]
2023-06-19 20:08:35.898 [info] > git config --get commit.template [7ms]
2023-06-19 20:08:35.898 [info] > git for-each-ref --format=%(refname)%00%(upstream:short)%00%(objectname)%00%(upstream:track)%00%(upstream:remotename)%00%(upstream:remoteref) refs/heads/master refs/remotes/master [1ms]
2023-06-19 20:08:35.919 [info] > git status -z -uall [15ms]
2023-06-19 20:08:37.054 [info] > git config --get commit.template [4ms]
2023-06-19 20:08:37.054 [info] > git for-each-ref --format=%(refname)%00%(upstream:short)%00%(objectname)%00%(upstream:track)%00%(upstream:remotename)%00%(upstream:remoteref) refs/heads/master refs/remotes/master [1ms]
2023-06-19 20:08:37.071 [info] > git status -z -uall [14ms]
2023-06-19 20:08:37.150 [info] > git ls-files --stage -- /home/runfunrun/NixOS-Flake/flake.nix [0ms]
2023-06-19 20:08:37.155 [info] > git cat-file -s 18c9f6ca4ecb1930ed79c76e469296585b82844d [0ms]
2023-06-19 20:08:37.159 [info] > git show --textconv :flake.nix [0ms]
2023-06-19 20:08:40.812 [info] > git for-each-ref --format=%(refname)%00%(upstream:short)%00%(objectname)%00%(upstream:track)%00%(upstream:remotename)%00%(upstream:remoteref) refs/heads/main refs/remotes/main [0ms]
2023-06-19 20:08:40.812 [info] > git config --get commit.template [5ms]
2023-06-19 20:08:40.816 [info] > git status -z -uall [1ms]
2023-06-19 20:09:20.336 [info] > git config --get commit.template [4ms]
2023-06-19 20:09:20.337 [info] > git for-each-ref --format=%(refname)%00%(upstream:short)%00%(objectname)%00%(upstream:track)%00%(upstream:remotename)%00%(upstream:remoteref) refs/heads/main refs/remotes/main [0ms]
2023-06-19 20:09:20.341 [info] > git status -z -uall [1ms]
2023-06-19 20:09:35.996 [info] > git config --get commit.template [4ms]
2023-06-19 20:09:35.996 [info] > git for-each-ref --format=%(refname)%00%(upstream:short)%00%(objectname)%00%(upstream:track)%00%(upstream:remotename)%00%(upstream:remoteref) refs/heads/main refs/remotes/main [1ms]
2023-06-19 20:09:36.001 [info] > git status -z -uall [1ms]
2023-06-19 20:09:51.678 [info] > git config --get commit.template [1ms]
2023-06-19 20:09:51.682 [info] > git for-each-ref --format=%(refname)%00%(upstream:short)%00%(objectname)%00%(upstream:track)%00%(upstream:remotename)%00%(upstream:remoteref) refs/heads/main refs/remotes/main [0ms]
2023-06-19 20:09:51.687 [info] > git status -z -uall [1ms]
2023-06-19 20:11:16.910 [info] > git config --get commit.template [5ms]
2023-06-19 20:11:16.910 [info] > git for-each-ref --format=%(refname)%00%(upstream:short)%00%(objectname)%00%(upstream:track)%00%(upstream:remotename)%00%(upstream:remoteref) refs/heads/main refs/remotes/main [1ms]
2023-06-19 20:11:16.915 [info] > git status -z -uall [1ms]
2023-06-19 20:11:33.246 [info] > git config --get commit.template [4ms]
2023-06-19 20:11:33.247 [info] > git for-each-ref --format=%(refname)%00%(upstream:short)%00%(objectname)%00%(upstream:track)%00%(upstream:remotename)%00%(upstream:remoteref) refs/heads/main refs/remotes/main [1ms]
2023-06-19 20:11:33.252 [info] > git status -z -uall [2ms]
2023-06-19 20:11:36.315 [info] > git fetch [527ms]
2023-06-19 20:11:36.322 [info] > git config --get commit.template [1ms]
2023-06-19 20:11:36.327 [info] > git for-each-ref --format=%(refname)%00%(upstream:short)%00%(objectname)%00%(upstream:track)%00%(upstream:remotename)%00%(upstream:remoteref) refs/heads/main refs/remotes/main [0ms]
2023-06-19 20:11:36.332 [info] > git status -z -uall [1ms]
2023-06-19 20:11:36.469 [info] > git fetch [543ms]
2023-06-19 20:11:36.480 [info] > git config --get commit.template [5ms]
2023-06-19 20:11:36.480 [info] > git for-each-ref --format=%(refname)%00%(upstream:short)%00%(objectname)%00%(upstream:track)%00%(upstream:remotename)%00%(upstream:remoteref) refs/heads/master refs/remotes/master [1ms]
2023-06-19 20:11:36.498 [info] > git status -z -uall [14ms]
2023-06-19 20:11:37.634 [info] > git config --get commit.template [4ms]
2023-06-19 20:11:37.635 [info] > git for-each-ref --format=%(refname)%00%(upstream:short)%00%(objectname)%00%(upstream:track)%00%(upstream:remotename)%00%(upstream:remoteref) refs/heads/master refs/remotes/master [1ms]
2023-06-19 20:11:37.653 [info] > git status -z -uall [15ms]
2023-06-19 20:11:37.748 [info] > git ls-files --stage -- /home/runfunrun/NixOS-Flake/flake.nix [1ms]
2023-06-19 20:11:37.752 [info] > git cat-file -s 18c9f6ca4ecb1930ed79c76e469296585b82844d [0ms]
2023-06-19 20:11:37.757 [info] > git show --textconv :flake.nix [1ms]
2023-06-19 20:11:38.265 [info] > git for-each-ref --format=%(refname)%00%(upstream:short)%00%(objectname)%00%(upstream:track)%00%(upstream:remotename)%00%(upstream:remoteref) refs/heads/main refs/remotes/main [1ms]
2023-06-19 20:11:38.266 [info] > git config --get commit.template [7ms]
2023-06-19 20:11:38.272 [info] > git status -z -uall [2ms]
2023-06-19 20:11:50.190 [info] > git config --get commit.template [4ms]
2023-06-19 20:11:50.190 [info] > git for-each-ref --format=%(refname)%00%(upstream:short)%00%(objectname)%00%(upstream:track)%00%(upstream:remotename)%00%(upstream:remoteref) refs/heads/main refs/remotes/main [0ms]
2023-06-19 20:11:50.195 [info] > git status -z -uall [1ms]
2023-06-19 20:12:00.520 [info] > git config --get commit.template [4ms]
2023-06-19 20:12:00.520 [info] > git for-each-ref --format=%(refname)%00%(upstream:short)%00%(objectname)%00%(upstream:track)%00%(upstream:remotename)%00%(upstream:remoteref) refs/heads/main refs/remotes/main [1ms]
2023-06-19 20:12:00.524 [info] > git status -z -uall [1ms]
2023-06-19 20:12:37.265 [info] > git config --get commit.template [4ms]
2023-06-19 20:12:37.266 [info] > git for-each-ref --format=%(refname)%00%(upstream:short)%00%(objectname)%00%(upstream:track)%00%(upstream:remotename)%00%(upstream:remoteref) refs/heads/main refs/remotes/main [1ms]
2023-06-19 20:12:37.270 [info] > git status -z -uall [1ms]
2023-06-19 20:13:25.434 [info] > git config --get commit.template [4ms]
2023-06-19 20:13:25.435 [info] > git for-each-ref --format=%(refname)%00%(upstream:short)%00%(objectname)%00%(upstream:track)%00%(upstream:remotename)%00%(upstream:remoteref) refs/heads/main refs/remotes/main [1ms]
2023-06-19 20:13:25.439 [info] > git status -z -uall [1ms]
2023-06-19 20:14:55.045 [info] > git fetch [554ms]
2023-06-19 20:14:55.050 [info] > git fetch [553ms]
2023-06-19 20:14:55.051 [info] > git config --get commit.template [1ms]
2023-06-19 20:14:55.058 [info] > git config --get commit.template [4ms]
2023-06-19 20:14:55.062 [info] > git for-each-ref --format=%(refname)%00%(upstream:short)%00%(objectname)%00%(upstream:track)%00%(upstream:remotename)%00%(upstream:remoteref) refs/heads/main refs/remotes/main [4ms]
2023-06-19 20:14:55.066 [info] > git for-each-ref --format=%(refname)%00%(upstream:short)%00%(objectname)%00%(upstream:track)%00%(upstream:remotename)%00%(upstream:remoteref) refs/heads/master refs/remotes/master [4ms]
2023-06-19 20:14:55.069 [info] > git status -z -uall [4ms]
2023-06-19 20:14:55.083 [info] > git status -z -uall [14ms]
2023-06-19 20:14:56.135 [info] > git config --get commit.template [0ms]
2023-06-19 20:14:56.135 [info] > git config --get commit.template [4ms]
2023-06-19 20:14:56.142 [info] > git for-each-ref --format=%(refname)%00%(upstream:short)%00%(objectname)%00%(upstream:track)%00%(upstream:remotename)%00%(upstream:remoteref) refs/heads/master refs/remotes/master [3ms]
2023-06-19 20:14:56.146 [info] > git for-each-ref --format=%(refname)%00%(upstream:short)%00%(objectname)%00%(upstream:track)%00%(upstream:remotename)%00%(upstream:remoteref) refs/heads/main refs/remotes/main [4ms]
2023-06-19 20:14:56.150 [info] > git status -z -uall [1ms]
2023-06-19 20:14:56.160 [info] > git status -z -uall [14ms]
2023-06-19 20:14:56.248 [info] > git ls-files --stage -- /home/runfunrun/NixOS-Flake/flake.nix [1ms]
2023-06-19 20:14:56.252 [info] > git cat-file -s 18c9f6ca4ecb1930ed79c76e469296585b82844d [0ms]
2023-06-19 20:14:56.257 [info] > git show --textconv :flake.nix [1ms]
2023-06-19 20:19:37.480 [info] > git rev-parse --show-toplevel [1ms]
2023-06-19 20:19:37.485 [info] > git rev-parse --git-dir --git-common-dir [0ms]
2023-06-19 20:19:37.488 [info] Open repository: /home/runfunrun/.local/share/lunarvim/lvim
2023-06-19 20:19:37.497 [info] > git config --get commit.template [5ms]
2023-06-19 20:19:37.497 [info] > git for-each-ref --format=%(refname)%00%(upstream:short)%00%(objectname)%00%(upstream:track)%00%(upstream:remotename)%00%(upstream:remoteref) refs/heads/master refs/remotes/master [1ms]
2023-06-19 20:19:37.501 [info] > git status -z -uall [0ms]
2023-06-19 20:19:37.511 [info] > git config --get commit.template [5ms]
2023-06-19 20:19:37.511 [info] > git for-each-ref --format=%(refname)%00%(upstream:short)%00%(objectname)%00%(upstream:track)%00%(upstream:remotename)%00%(upstream:remoteref) refs/heads/master refs/remotes/master [1ms]
2023-06-19 20:19:37.516 [info] > git status -z -uall [1ms]
2023-06-19 20:19:38.020 [info] > git check-ignore -v -z --stdin [4ms]
2023-06-19 20:19:38.020 [info] > git check-ignore -v -z --stdin [0ms]
2023-06-19 20:21:02.256 [info] > git config --get commit.template [4ms]
2023-06-19 20:21:02.256 [info] > git for-each-ref --format=%(refname)%00%(upstream:short)%00%(objectname)%00%(upstream:track)%00%(upstream:remotename)%00%(upstream:remoteref) refs/heads/release-1.3/neovim-0.9 refs/remotes/release-1.3/neovim-0.9 [1ms]
2023-06-19 20:21:02.262 [info] > git status -z -uall [2ms]
2023-06-19 20:21:02.820 [info] > git fetch [574ms]
2023-06-19 20:21:02.829 [info] > git for-each-ref --format=%(refname)%00%(upstream:short)%00%(objectname)%00%(upstream:track)%00%(upstream:remotename)%00%(upstream:remoteref) refs/heads/release-1.3/neovim-0.9 refs/remotes/release-1.3/neovim-0.9 [1ms]
2023-06-19 20:21:02.829 [info] > git config --get commit.template [4ms]
2023-06-19 20:21:02.833 [info] > git fetch [592ms]
2023-06-19 20:21:02.837 [info] > git status -z -uall [4ms]
2023-06-19 20:21:02.838 [info] > git config --get commit.template [1ms]
2023-06-19 20:21:02.842 [info] > git for-each-ref --format=%(refname)%00%(upstream:short)%00%(objectname)%00%(upstream:track)%00%(upstream:remotename)%00%(upstream:remoteref) refs/heads/master refs/remotes/master [0ms]
2023-06-19 20:21:02.860 [info] > git status -z -uall [14ms]
2023-06-19 20:21:02.973 [info] > git fetch [738ms]
2023-06-19 20:21:02.982 [info] > git config --get commit.template [4ms]
2023-06-19 20:21:02.982 [info] > git for-each-ref --format=%(refname)%00%(upstream:short)%00%(objectname)%00%(upstream:track)%00%(upstream:remotename)%00%(upstream:remoteref) refs/heads/main refs/remotes/main [1ms]
2023-06-19 20:21:02.987 [info] > git status -z -uall [1ms]
2023-06-19 20:21:03.998 [info] > git config --get commit.template [6ms]
2023-06-19 20:21:03.999 [info] > git for-each-ref --format=%(refname)%00%(upstream:short)%00%(objectname)%00%(upstream:track)%00%(upstream:remotename)%00%(upstream:remoteref) refs/heads/master refs/remotes/master [1ms]
2023-06-19 20:21:04.020 [info] > git status -z -uall [16ms]
2023-06-19 20:21:04.126 [info] > git config --get commit.template [6ms]
2023-06-19 20:21:04.126 [info] > git for-each-ref --format=%(refname)%00%(upstream:short)%00%(objectname)%00%(upstream:track)%00%(upstream:remotename)%00%(upstream:remoteref) refs/heads/main refs/remotes/main [0ms]
2023-06-19 20:21:04.134 [info] > git status -z -uall [2ms]
2023-06-19 20:21:04.222 [info] > git ls-files --stage -- /home/runfunrun/NixOS-Flake/flake.nix [1ms]
2023-06-19 20:21:04.228 [info] > git cat-file -s 18c9f6ca4ecb1930ed79c76e469296585b82844d [1ms]
2023-06-19 20:21:04.236 [info] > git show --textconv :flake.nix [1ms]
2023-06-19 20:21:07.274 [info] > git for-each-ref --format=%(refname)%00%(upstream:short)%00%(objectname)%00%(upstream:track)%00%(upstream:remotename)%00%(upstream:remoteref) refs/heads/release-1.3/neovim-0.9 refs/remotes/release-1.3/neovim-0.9 [1ms]
2023-06-19 20:21:07.274 [info] > git config --get commit.template [4ms]
2023-06-19 20:21:07.280 [info] > git status -z -uall [2ms]
2023-06-19 20:49:17.381 [info] > git fetch [512ms]
2023-06-19 20:49:17.390 [info] > git config --get commit.template [4ms]
2023-06-19 20:49:17.390 [info] > git for-each-ref --format=%(refname)%00%(upstream:short)%00%(objectname)%00%(upstream:track)%00%(upstream:remotename)%00%(upstream:remoteref) refs/heads/release-1.3/neovim-0.9 refs/remotes/release-1.3/neovim-0.9 [0ms]
2023-06-19 20:49:17.396 [info] > git status -z -uall [2ms]
2023-06-19 20:49:17.445 [info] > git fetch [570ms]
2023-06-19 20:49:17.455 [info] > git config --get commit.template [4ms]
2023-06-19 20:49:17.456 [info] > git for-each-ref --format=%(refname)%00%(upstream:short)%00%(objectname)%00%(upstream:track)%00%(upstream:remotename)%00%(upstream:remoteref) refs/heads/master refs/remotes/master [1ms]
2023-06-19 20:49:17.474 [info] > git status -z -uall [15ms]
2023-06-19 20:49:17.482 [info] > git fetch [602ms]
2023-06-19 20:49:17.488 [info] > git config --get commit.template [1ms]
2023-06-19 20:49:17.492 [info] > git for-each-ref --format=%(refname)%00%(upstream:short)%00%(objectname)%00%(upstream:track)%00%(upstream:remotename)%00%(upstream:remoteref) refs/heads/main refs/remotes/main [1ms]
2023-06-19 20:49:17.497 [info] > git status -z -uall [2ms]
2023-06-19 20:49:18.530 [info] > git config --get commit.template [4ms]
2023-06-19 20:49:18.539 [info] > git config --get commit.template [8ms]
2023-06-19 20:49:18.539 [info] > git for-each-ref --format=%(refname)%00%(upstream:short)%00%(objectname)%00%(upstream:track)%00%(upstream:remotename)%00%(upstream:remoteref) refs/heads/release-1.3/neovim-0.9 refs/remotes/release-1.3/neovim-0.9 [1ms]
2023-06-19 20:49:18.543 [info] > git for-each-ref --format=%(refname)%00%(upstream:short)%00%(objectname)%00%(upstream:track)%00%(upstream:remotename)%00%(upstream:remoteref) refs/heads/master refs/remotes/master [9ms]
2023-06-19 20:49:18.546 [info] > git status -z -uall [3ms]
2023-06-19 20:49:18.560 [info] > git status -z -uall [14ms]
2023-06-19 20:49:18.634 [info] > git config --get commit.template [5ms]
2023-06-19 20:49:18.634 [info] > git for-each-ref --format=%(refname)%00%(upstream:short)%00%(objectname)%00%(upstream:track)%00%(upstream:remotename)%00%(upstream:remoteref) refs/heads/main refs/remotes/main [1ms]
2023-06-19 20:49:18.639 [info] > git status -z -uall [1ms]
2023-06-19 20:49:18.730 [info] > git ls-files --stage -- /home/runfunrun/NixOS-Flake/flake.nix [1ms]
2023-06-19 20:49:18.734 [info] > git cat-file -s 18c9f6ca4ecb1930ed79c76e469296585b82844d [0ms]
2023-06-19 20:49:18.739 [info] > git show --textconv :flake.nix [1ms]
2023-06-19 22:10:27.772 [info] > git fetch [542ms]
2023-06-19 22:10:27.782 [info] > git config --get commit.template [4ms]
2023-06-19 22:10:27.782 [info] > git for-each-ref --format=%(refname)%00%(upstream:short)%00%(objectname)%00%(upstream:track)%00%(upstream:remotename)%00%(upstream:remoteref) refs/heads/release-1.3/neovim-0.9 refs/remotes/release-1.3/neovim-0.9 [0ms]
2023-06-19 22:10:27.788 [info] > git status -z -uall [2ms]
2023-06-19 22:10:27.819 [info] > git fetch [577ms]
2023-06-19 22:10:27.825 [info] > git fetch [588ms]
2023-06-19 22:10:27.829 [info] > git config --get commit.template [5ms]
2023-06-19 22:10:27.833 [info] > git config --get commit.template [4ms]
2023-06-19 22:10:27.837 [info] > git for-each-ref --format=%(refname)%00%(upstream:short)%00%(objectname)%00%(upstream:track)%00%(upstream:remotename)%00%(upstream:remoteref) refs/heads/main refs/remotes/main [5ms]
2023-06-19 22:10:27.841 [info] > git for-each-ref --format=%(refname)%00%(upstream:short)%00%(objectname)%00%(upstream:track)%00%(upstream:remotename)%00%(upstream:remoteref) refs/heads/master refs/remotes/master [5ms]
2023-06-19 22:10:27.845 [info] > git status -z -uall [5ms]
2023-06-19 22:10:27.858 [info] > git status -z -uall [14ms]
2023-06-19 22:10:28.904 [info] > git config --get commit.template [5ms]
2023-06-19 22:10:28.914 [info] > git config --get commit.template [10ms]
2023-06-19 22:10:28.914 [info] > git for-each-ref --format=%(refname)%00%(upstream:short)%00%(objectname)%00%(upstream:track)%00%(upstream:remotename)%00%(upstream:remoteref) refs/heads/release-1.3/neovim-0.9 refs/remotes/release-1.3/neovim-0.9 [1ms]
2023-06-19 22:10:28.918 [info] > git for-each-ref --format=%(refname)%00%(upstream:short)%00%(objectname)%00%(upstream:track)%00%(upstream:remotename)%00%(upstream:remoteref) refs/heads/main refs/remotes/main [9ms]
2023-06-19 22:10:28.922 [info] > git status -z -uall [4ms]
2023-06-19 22:10:28.923 [info] > git status -z -uall [1ms]
2023-06-19 22:10:28.994 [info] > git config --get commit.template [5ms]
2023-06-19 22:10:28.994 [info] > git for-each-ref --format=%(refname)%00%(upstream:short)%00%(objectname)%00%(upstream:track)%00%(upstream:remotename)%00%(upstream:remoteref) refs/heads/master refs/remotes/master [1ms]
2023-06-19 22:10:29.012 [info] > git status -z -uall [14ms]
2023-06-19 22:10:29.091 [info] > git ls-files --stage -- /home/runfunrun/NixOS-Flake/flake.nix [1ms]
2023-06-19 22:10:29.095 [info] > git cat-file -s 18c9f6ca4ecb1930ed79c76e469296585b82844d [0ms]
2023-06-19 22:10:29.100 [info] > git show --textconv :flake.nix [0ms]
2023-06-19 22:29:52.507 [info] > git fetch [511ms]
2023-06-19 22:29:52.517 [info] > git config --get commit.template [5ms]
2023-06-19 22:29:52.517 [info] > git for-each-ref --format=%(refname)%00%(upstream:short)%00%(objectname)%00%(upstream:track)%00%(upstream:remotename)%00%(upstream:remoteref) refs/heads/release-1.3/neovim-0.9 refs/remotes/release-1.3/neovim-0.9 [0ms]
2023-06-19 22:29:52.523 [info] > git status -z -uall [2ms]
2023-06-19 22:29:52.524 [info] > git fetch [522ms]
2023-06-19 22:29:52.533 [info] > git config --get commit.template [4ms]
2023-06-19 22:29:52.534 [info] > git for-each-ref --format=%(refname)%00%(upstream:short)%00%(objectname)%00%(upstream:track)%00%(upstream:remotename)%00%(upstream:remoteref) refs/heads/main refs/remotes/main [0ms]
2023-06-19 22:29:52.538 [info] > git status -z -uall [1ms]
2023-06-19 22:29:52.572 [info] > git fetch [565ms]
2023-06-19 22:29:52.577 [info] > git config --get commit.template [0ms]
2023-06-19 22:29:52.582 [info] > git for-each-ref --format=%(refname)%00%(upstream:short)%00%(objectname)%00%(upstream:track)%00%(upstream:remotename)%00%(upstream:remoteref) refs/heads/master refs/remotes/master [1ms]
2023-06-19 22:29:52.601 [info] > git status -z -uall [15ms]
2023-06-19 22:29:53.750 [info] > git config --get commit.template [0ms]
2023-06-19 22:29:53.750 [info] > git config --get commit.template [8ms]
2023-06-19 22:29:53.750 [info] > git config --get commit.template [14ms]
2023-06-19 22:29:53.768 [info] > git for-each-ref --format=%(refname)%00%(upstream:short)%00%(objectname)%00%(upstream:track)%00%(upstream:remotename)%00%(upstream:remoteref) refs/heads/main refs/remotes/main [6ms]
2023-06-19 22:29:53.774 [info] > git for-each-ref --format=%(refname)%00%(upstream:short)%00%(objectname)%00%(upstream:track)%00%(upstream:remotename)%00%(upstream:remoteref) refs/heads/master refs/remotes/master [18ms]
2023-06-19 22:29:53.780 [info] > git status -z -uall [6ms]
2023-06-19 22:29:53.781 [info] > git for-each-ref --format=%(refname)%00%(upstream:short)%00%(objectname)%00%(upstream:track)%00%(upstream:remotename)%00%(upstream:remoteref) refs/heads/release-1.3/neovim-0.9 refs/remotes/release-1.3/neovim-0.9 [14ms]
2023-06-19 22:29:53.790 [info] > git status -z -uall [3ms]
2023-06-19 22:29:53.795 [info] > git status -z -uall [15ms]
2023-06-19 22:29:53.836 [info] > git ls-files --stage -- /home/runfunrun/NixOS-Flake/flake.nix [1ms]
2023-06-19 22:29:53.842 [info] > git cat-file -s 18c9f6ca4ecb1930ed79c76e469296585b82844d [1ms]
2023-06-19 22:29:53.852 [info] > git show --textconv :flake.nix [1ms]
2023-06-19 22:32:53.071 [info] > git fetch [540ms]
2023-06-19 22:32:53.079 [info] > git config --get commit.template [4ms]
2023-06-19 22:32:53.080 [info] > git for-each-ref --format=%(refname)%00%(upstream:short)%00%(objectname)%00%(upstream:track)%00%(upstream:remotename)%00%(upstream:remoteref) refs/heads/release-1.3/neovim-0.9 refs/remotes/release-1.3/neovim-0.9 [1ms]
2023-06-19 22:32:53.084 [info] > git fetch [541ms]
2023-06-19 22:32:53.088 [info] > git status -z -uall [4ms]
2023-06-19 22:32:53.088 [info] > git config --get commit.template [0ms]
2023-06-19 22:32:53.094 [info] > git for-each-ref --format=%(refname)%00%(upstream:short)%00%(objectname)%00%(upstream:track)%00%(upstream:remotename)%00%(upstream:remoteref) refs/heads/main refs/remotes/main [1ms]
2023-06-19 22:32:53.099 [info] > git status -z -uall [1ms]
2023-06-19 22:32:53.121 [info] > git fetch [514ms]
2023-06-19 22:32:53.130 [info] > git config --get commit.template [4ms]
2023-06-19 22:32:53.130 [info] > git for-each-ref --format=%(refname)%00%(upstream:short)%00%(objectname)%00%(upstream:track)%00%(upstream:remotename)%00%(upstream:remoteref) refs/heads/master refs/remotes/master [0ms]
2023-06-19 22:32:53.148 [info] > git status -z -uall [14ms]
2023-06-19 22:32:54.264 [info] > git config --get commit.template [4ms]
2023-06-19 22:32:54.264 [info] > git config --get commit.template [8ms]
2023-06-19 22:32:54.265 [info] > git config --get commit.template [1ms]
2023-06-19 22:32:54.276 [info] > git for-each-ref --format=%(refname)%00%(upstream:short)%00%(objectname)%00%(upstream:track)%00%(upstream:remotename)%00%(upstream:remoteref) refs/heads/main refs/remotes/main [4ms]
2023-06-19 22:32:54.280 [info] > git for-each-ref --format=%(refname)%00%(upstream:short)%00%(objectname)%00%(upstream:track)%00%(upstream:remotename)%00%(upstream:remoteref) refs/heads/master refs/remotes/master [12ms]
2023-06-19 22:32:54.284 [info] > git status -z -uall [4ms]
2023-06-19 22:32:54.285 [info] > git for-each-ref --format=%(refname)%00%(upstream:short)%00%(objectname)%00%(upstream:track)%00%(upstream:remotename)%00%(upstream:remoteref) refs/heads/release-1.3/neovim-0.9 refs/remotes/release-1.3/neovim-0.9 [9ms]
2023-06-19 22:32:54.292 [info] > git status -z -uall [3ms]
2023-06-19 22:32:54.300 [info] > git status -z -uall [16ms]
2023-06-19 22:32:54.357 [info] > git ls-files --stage -- /home/runfunrun/NixOS-Flake/flake.nix [1ms]
2023-06-19 22:32:54.362 [info] > git cat-file -s 18c9f6ca4ecb1930ed79c76e469296585b82844d [1ms]
2023-06-19 22:32:54.367 [info] > git show --textconv :flake.nix [1ms]
2023-06-19 22:35:01.149 [info] > git config --get commit.template [5ms]
2023-06-19 22:35:01.149 [info] > git for-each-ref --format=%(refname)%00%(upstream:short)%00%(objectname)%00%(upstream:track)%00%(upstream:remotename)%00%(upstream:remoteref) refs/heads/main refs/remotes/main [1ms]
2023-06-19 22:35:01.154 [info] > git status -z -uall [1ms]
2023-06-19 22:35:57.077 [info] > git fetch [525ms]
2023-06-19 22:35:57.087 [info] > git config --get commit.template [4ms]
2023-06-19 22:35:57.088 [info] > git for-each-ref --format=%(refname)%00%(upstream:short)%00%(objectname)%00%(upstream:track)%00%(upstream:remotename)%00%(upstream:remoteref) refs/heads/release-1.3/neovim-0.9 refs/remotes/release-1.3/neovim-0.9 [1ms]
2023-06-19 22:35:57.094 [info] > git status -z -uall [2ms]
2023-06-19 22:35:57.109 [info] > git fetch [551ms]
2023-06-19 22:35:57.120 [info] > git config --get commit.template [5ms]
2023-06-19 22:35:57.121 [info] > git for-each-ref --format=%(refname)%00%(upstream:short)%00%(objectname)%00%(upstream:track)%00%(upstream:remotename)%00%(upstream:remoteref) refs/heads/main refs/remotes/main [0ms]
2023-06-19 22:35:57.126 [info] > git status -z -uall [1ms]
2023-06-19 22:35:57.188 [info] > git fetch [623ms]
2023-06-19 22:35:57.198 [info] > git config --get commit.template [4ms]
2023-06-19 22:35:57.199 [info] > git for-each-ref --format=%(refname)%00%(upstream:short)%00%(objectname)%00%(upstream:track)%00%(upstream:remotename)%00%(upstream:remoteref) refs/heads/master refs/remotes/master [1ms]
2023-06-19 22:35:57.218 [info] > git status -z -uall [15ms]
2023-06-19 22:35:58.264 [info] > git config --get commit.template [5ms]
2023-06-19 22:35:58.264 [info] > git config --get commit.template [1ms]
2023-06-19 22:35:58.273 [info] > git for-each-ref --format=%(refname)%00%(upstream:short)%00%(objectname)%00%(upstream:track)%00%(upstream:remotename)%00%(upstream:remoteref) refs/heads/main refs/remotes/main [5ms]
2023-06-19 22:35:58.277 [info] > git for-each-ref --format=%(refname)%00%(upstream:short)%00%(objectname)%00%(upstream:track)%00%(upstream:remotename)%00%(upstream:remoteref) refs/heads/release-1.3/neovim-0.9 refs/remotes/release-1.3/neovim-0.9 [5ms]
2023-06-19 22:35:58.281 [info] > git status -z -uall [4ms]
2023-06-19 22:35:58.283 [info] > git status -z -uall [2ms]
2023-06-19 22:35:58.354 [info] > git config --get commit.template [5ms]
2023-06-19 22:35:58.354 [info] > git for-each-ref --format=%(refname)%00%(upstream:short)%00%(objectname)%00%(upstream:track)%00%(upstream:remotename)%00%(upstream:remoteref) refs/heads/master refs/remotes/master [0ms]
2023-06-19 22:35:58.373 [info] > git status -z -uall [15ms]
2023-06-19 22:35:58.468 [info] > git ls-files --stage -- /home/runfunrun/NixOS-Flake/flake.nix [1ms]
2023-06-19 22:35:58.473 [info] > git cat-file -s 18c9f6ca4ecb1930ed79c76e469296585b82844d [1ms]
2023-06-19 22:35:58.478 [info] > git show --textconv :flake.nix [0ms]
2023-06-19 22:36:16.617 [info] > git rev-parse --show-toplevel [2ms]
2023-06-19 22:36:16.617 [info] fatal: not a git repository (or any of the parent directories): .git
2023-06-19 22:36:26.209 [info] > git rev-parse --show-toplevel [2ms]
2023-06-19 22:36:26.209 [info] fatal: not a git repository (or any of the parent directories): .git
2023-06-19 22:36:26.233 [info] > git rev-parse --show-toplevel [1ms]
2023-06-19 22:36:26.233 [info] fatal: not a git repository (or any of the parent directories): .git
2023-06-19 22:36:26.260 [info] > git rev-parse --show-toplevel [1ms]
2023-06-19 22:36:26.260 [info] fatal: not a git repository (or any of the parent directories): .git
2023-06-19 22:36:26.791 [info] > git check-ignore -v -z --stdin [1ms]
2023-06-19 22:38:57.695 [info] > git fetch [563ms]
2023-06-19 22:38:57.705 [info] > git config --get commit.template [5ms]
2023-06-19 22:38:57.705 [info] > git for-each-ref --format=%(refname)%00%(upstream:short)%00%(objectname)%00%(upstream:track)%00%(upstream:remotename)%00%(upstream:remoteref) refs/heads/main refs/remotes/main [0ms]
2023-06-19 22:38:57.711 [info] > git status -z -uall [2ms]
2023-06-19 22:38:57.874 [info] > git fetch [774ms]
2023-06-19 22:38:57.884 [info] > git config --get commit.template [5ms]
2023-06-19 22:38:57.884 [info] > git for-each-ref --format=%(refname)%00%(upstream:short)%00%(objectname)%00%(upstream:track)%00%(upstream:remotename)%00%(upstream:remoteref) refs/heads/release-1.3/neovim-0.9 refs/remotes/release-1.3/neovim-0.9 [1ms]
2023-06-19 22:38:57.890 [info] > git status -z -uall [2ms]
2023-06-19 22:38:58.849 [info] > git config --get commit.template [4ms]
2023-06-19 22:38:58.849 [info] > git for-each-ref --format=%(refname)%00%(upstream:short)%00%(objectname)%00%(upstream:track)%00%(upstream:remotename)%00%(upstream:remoteref) refs/heads/main refs/remotes/main [1ms]
2023-06-19 22:38:58.854 [info] > git status -z -uall [1ms]
2023-06-19 22:38:59.028 [info] > git config --get commit.template [4ms]
2023-06-19 22:38:59.028 [info] > git for-each-ref --format=%(refname)%00%(upstream:short)%00%(objectname)%00%(upstream:track)%00%(upstream:remotename)%00%(upstream:remoteref) refs/heads/release-1.3/neovim-0.9 refs/remotes/release-1.3/neovim-0.9 [1ms]
2023-06-19 22:38:59.034 [info] > git status -z -uall [2ms]
2023-06-19 22:38:59.123 [info] > git ls-files --stage -- /home/runfunrun/NixOS-Flake/flake.nix [0ms]
2023-06-19 22:38:59.128 [info] > git cat-file -s 18c9f6ca4ecb1930ed79c76e469296585b82844d [1ms]
2023-06-19 22:38:59.133 [info] > git show --textconv :flake.nix [0ms]
2023-06-19 22:38:59.352 [info] > git fetch [2129ms]
2023-06-19 22:38:59.361 [info] > git config --get commit.template [4ms]
2023-06-19 22:38:59.362 [info] > git for-each-ref --format=%(refname)%00%(upstream:short)%00%(objectname)%00%(upstream:track)%00%(upstream:remotename)%00%(upstream:remoteref) refs/heads/master refs/remotes/master [1ms]
2023-06-19 22:38:59.380 [info] > git status -z -uall [14ms]
2023-06-19 22:41:50.212 [info] > git config --get commit.template [5ms]
2023-06-19 22:41:50.213 [info] > git for-each-ref --format=%(refname)%00%(upstream:short)%00%(objectname)%00%(upstream:track)%00%(upstream:remotename)%00%(upstream:remoteref) refs/heads/master refs/remotes/master [1ms]
2023-06-19 22:41:50.232 [info] > git status -z -uall [15ms]
2023-06-19 22:41:58.443 [info] > git fetch [579ms]
2023-06-19 22:41:58.451 [info] > git fetch [553ms]
2023-06-19 22:41:58.457 [info] > git config --get commit.template [7ms]
2023-06-19 22:41:58.464 [info] > git config --get commit.template [7ms]
2023-06-19 22:41:58.471 [info] > git for-each-ref --format=%(refname)%00%(upstream:short)%00%(objectname)%00%(upstream:track)%00%(upstream:remotename)%00%(upstream:remoteref) refs/heads/main refs/remotes/main [6ms]
2023-06-19 22:41:58.477 [info] > git for-each-ref --format=%(refname)%00%(upstream:short)%00%(objectname)%00%(upstream:track)%00%(upstream:remotename)%00%(upstream:remoteref) refs/heads/release-1.3/neovim-0.9 refs/remotes/release-1.3/neovim-0.9 [7ms]
2023-06-19 22:41:58.484 [info] > git status -z -uall [7ms]
2023-06-19 22:41:58.486 [info] > git status -z -uall [2ms]
2023-06-19 22:42:04.655 [info] > git config --get commit.template [5ms]
2023-06-19 22:42:04.661 [info] > git config --get commit.template [6ms]
2023-06-19 22:42:04.672 [info] > git ls-files --stage -- /home/runfunrun/NixOS-Flake/flake.nix [12ms]
2023-06-19 22:42:04.677 [info] > git for-each-ref --format=%(refname)%00%(upstream:short)%00%(objectname)%00%(upstream:track)%00%(upstream:remotename)%00%(upstream:remoteref) refs/heads/release-1.3/neovim-0.9 refs/remotes/release-1.3/neovim-0.9 [6ms]
2023-06-19 22:42:04.683 [info] > git for-each-ref --format=%(refname)%00%(upstream:short)%00%(objectname)%00%(upstream:track)%00%(upstream:remotename)%00%(upstream:remoteref) refs/heads/main refs/remotes/main [17ms]
2023-06-19 22:42:04.689 [info] > git status -z -uall [7ms]
2023-06-19 22:42:04.690 [info] > git cat-file -s 18c9f6ca4ecb1930ed79c76e469296585b82844d [12ms]
2023-06-19 22:42:04.690 [info] > git status -z -uall [2ms]
2023-06-19 22:42:04.698 [info] > git show --textconv :flake.nix [1ms]
2023-06-19 22:42:05.207 [info] > git fetch [565ms]
2023-06-19 22:42:05.217 [info] > git config --get commit.template [4ms]
2023-06-19 22:42:05.217 [info] > git for-each-ref --format=%(refname)%00%(upstream:short)%00%(objectname)%00%(upstream:track)%00%(upstream:remotename)%00%(upstream:remoteref) refs/heads/master refs/remotes/master [0ms]
2023-06-19 22:42:05.236 [info] > git status -z -uall [15ms]
2023-06-19 22:42:06.374 [info] > git config --get commit.template [5ms]
2023-06-19 22:42:06.374 [info] > git for-each-ref --format=%(refname)%00%(upstream:short)%00%(objectname)%00%(upstream:track)%00%(upstream:remotename)%00%(upstream:remoteref) refs/heads/master refs/remotes/master [1ms]
2023-06-19 22:42:06.394 [info] > git status -z -uall [15ms]
