[2023-06-19 19:42:48.317] Starting Git Graph ...
[2023-06-19 19:42:48.333] Using git (version: 2.40.1)
[2023-06-19 19:42:48.337] Started Git Graph - Ready to use!
[2023-06-19 19:42:48.337] Searching workspace for new repos ...
[2023-06-19 19:42:48.340] > git rev-parse --show-toplevel
[2023-06-19 19:42:48.353] Completed searching workspace for new repos
[2023-06-19 19:42:48.374] Successfully set Visual Studio Code Context "git-graph:codiconsSupported" to "true"
[2023-06-19 19:43:29.225] > git rev-parse --show-toplevel
[2023-06-19 19:43:29.228] > git rev-parse --show-toplevel
[2023-06-19 19:44:10.200] > git rev-parse --show-toplevel
[2023-06-19 19:45:00.401] > git rev-parse --show-toplevel
[2023-06-19 19:45:00.405] > git rev-parse --show-toplevel
[2023-06-19 19:45:00.408] > git rev-parse --show-toplevel
[2023-06-19 19:45:02.690] > git rev-parse --show-toplevel
[2023-06-19 19:45:17.712] > git rev-parse --show-toplevel
[2023-06-19 19:45:17.716] > git rev-parse --show-toplevel
[2023-06-19 19:45:19.461] > git rev-parse --show-toplevel
[2023-06-19 19:46:01.292] > git rev-parse --show-toplevel
[2023-06-19 19:46:01.297] > git rev-parse --show-toplevel
[2023-06-19 19:50:45.382] > git rev-parse --show-toplevel
[2023-06-19 19:50:45.387] > git rev-parse --show-toplevel
[2023-06-19 19:51:18.740] > git rev-parse --show-toplevel
[2023-06-19 19:51:18.744] > git rev-parse --show-toplevel
[2023-06-19 19:51:18.748] > git rev-parse --show-toplevel
[2023-06-19 19:51:18.752] > git rev-parse --show-toplevel
[2023-06-19 19:51:18.756] > git rev-parse --show-toplevel
[2023-06-19 19:51:18.759] > git rev-parse --show-toplevel
[2023-06-19 19:51:18.763] > git rev-parse --show-toplevel
[2023-06-19 19:51:18.766] > git rev-parse --show-toplevel
[2023-06-19 19:51:18.770] > git rev-parse --show-toplevel
[2023-06-19 19:51:18.774] > git rev-parse --show-toplevel
[2023-06-19 19:51:18.778] > git rev-parse --show-toplevel
[2023-06-19 19:51:18.782] > git rev-parse --show-toplevel
[2023-06-19 19:51:59.978] > git rev-parse --show-toplevel
[2023-06-19 19:51:59.982] > git rev-parse --show-toplevel
[2023-06-19 19:56:00.157] > git rev-parse --show-toplevel
[2023-06-19 19:56:00.161] > git rev-parse --show-toplevel
[2023-06-19 20:00:23.243] > git rev-parse --show-toplevel
[2023-06-19 20:00:23.247] > git rev-parse --show-toplevel
[2023-06-19 20:00:23.252] > git rev-parse --show-toplevel
[2023-06-19 20:00:23.257] > git rev-parse --show-toplevel
[2023-06-19 20:00:23.261] > git rev-parse --show-toplevel
[2023-06-19 20:00:23.265] > git rev-parse --show-toplevel
[2023-06-19 20:15:18.280] > git rev-parse --show-toplevel
[2023-06-19 20:15:18.284] > git rev-parse --show-toplevel
[2023-06-19 20:15:26.359] > git rev-parse --show-toplevel
[2023-06-19 20:15:26.363] > git rev-parse --show-toplevel
[2023-06-19 20:17:30.554] > git rev-parse --show-toplevel
[2023-06-19 20:19:37.978] > git rev-parse --show-toplevel
[2023-06-19 20:19:37.983] > git rev-parse --show-toplevel
[2023-06-19 20:19:37.986] > git rev-parse --show-toplevel
[2023-06-19 20:19:37.990] > git rev-parse --show-toplevel
[2023-06-19 20:19:37.991] Added new repo: /home/runfunrun/.local/share/lunarvim/lvim
[2023-06-19 20:19:37.991] Showing "Git Graph" Status Bar Item
[2023-06-19 20:43:38.617] > git rev-parse --show-toplevel
[2023-06-19 20:45:18.975] > git rev-parse --show-toplevel
[2023-06-19 20:45:44.725] > git rev-parse --show-toplevel
[2023-06-19 20:45:44.730] > git rev-parse --show-toplevel
[2023-06-19 20:45:44.737] > git rev-parse --show-toplevel
[2023-06-19 20:45:44.742] > git rev-parse --show-toplevel
[2023-06-19 20:45:49.857] > git rev-parse --show-toplevel
[2023-06-19 20:53:22.308] > git rev-parse --show-toplevel
[2023-06-19 20:53:22.312] > git rev-parse --show-toplevel
[2023-06-19 22:17:13.167] > git rev-parse --show-toplevel
[2023-06-19 22:17:13.172] > git rev-parse --show-toplevel
