2023-06-19 19:42:38.085 [info] Added views:workbench.panel.markers.view in workbench.panel.markers
2023-06-19 19:42:38.085 [info] Added views:workbench.panel.output in workbench.panel.output
2023-06-19 19:42:38.085 [info] Added views:terminal in terminal
2023-06-19 19:42:38.085 [info] Added views:outline in workbench.view.explorer
2023-06-19 19:42:38.085 [info] Added views:workbench.scm in workbench.view.scm
2023-06-19 19:42:38.085 [info] Added views:workbench.view.search in workbench.view.search
2023-06-19 19:42:38.085 [info] Added views:timeline in workbench.view.explorer
2023-06-19 19:42:38.085 [info] Added views:workbench.explorer.emptyView in workbench.view.explorer
2023-06-19 19:42:38.216 [info] Added views:dockerContainers,dockerImages,dockerRegistries,dockerNetworks,dockerVolumes,vscode-docker.views.dockerContexts,vscode-docker.views.help in workbench.view.extension.dockerView
2023-06-19 19:42:38.217 [info] Added views:targetsContainers,devVolumes in workbench.view.remote
2023-06-19 19:42:38.217 [info] Added views:remoteTargets in workbench.view.remote
2023-06-19 19:42:38.217 [info] Added views:liveshare.session in workbench.view.extension.liveshare
2023-06-19 19:42:38.269 [info] Added views:workbench.debug.variablesView,workbench.debug.watchExpressionsView,workbench.debug.callStackView,workbench.debug.breakPointsView in workbench.view.debug
2023-06-19 19:42:38.349 [info] Added views:workbench.panel.repl.view in workbench.panel.output
2023-06-19 19:42:38.351 [info] Removed views:workbench.debug.breakPointsView,workbench.debug.callStackView,workbench.debug.watchExpressionsView,workbench.debug.variablesView from workbench.view.debug
2023-06-19 19:42:38.351 [info] Added views:workbench.debug.welcome in workbench.view.debug
2023-06-19 19:42:48.013 [info] Added views:workbench.panel.markers.view in workbench.panel.markers
2023-06-19 19:42:48.013 [info] Added views:workbench.panel.output in workbench.panel.output
2023-06-19 19:42:48.013 [info] Added views:terminal in terminal
2023-06-19 19:42:48.013 [info] Added views:outline in workbench.view.explorer
2023-06-19 19:42:48.013 [info] Added views:workbench.scm in workbench.view.scm
2023-06-19 19:42:48.013 [info] Added views:workbench.view.search in workbench.view.search
2023-06-19 19:42:48.013 [info] Added views:timeline in workbench.view.explorer
2023-06-19 19:42:48.013 [info] Added views:workbench.explorer.fileView in workbench.view.explorer
2023-06-19 19:42:48.134 [info] Added views:dockerContainers,dockerImages,dockerRegistries,dockerNetworks,dockerVolumes,vscode-docker.views.dockerContexts,vscode-docker.views.help in workbench.view.extension.dockerView
2023-06-19 19:42:48.134 [info] Added views:targetsContainers,devVolumes in workbench.view.remote
2023-06-19 19:42:48.134 [info] Added views:remoteTargets in workbench.view.remote
2023-06-19 19:42:48.135 [info] Added views:liveshare.session in workbench.view.extension.liveshare
2023-06-19 19:42:48.238 [info] Added views:workbench.debug.variablesView,workbench.debug.watchExpressionsView,workbench.debug.callStackView,workbench.debug.breakPointsView in workbench.view.debug
2023-06-19 19:42:48.261 [info] Added views:workbench.panel.repl.view in workbench.panel.output
2023-06-19 19:42:48.261 [info] Removed views:workbench.debug.breakPointsView,workbench.debug.callStackView,workbench.debug.watchExpressionsView,workbench.debug.variablesView from workbench.view.debug
2023-06-19 19:42:48.262 [info] Added views:workbench.debug.welcome in workbench.view.debug
