2023-06-19 18:11:37.966 [info] Reading sessions from keychain...
2023-06-19 18:11:37.966 [info] Getting sessions for all scopes...
2023-06-19 18:11:37.966 [info] Getting sessions for user:email...
2023-06-19 18:11:37.966 [info] Got 0 sessions for ...
2023-06-19 18:11:37.966 [info] Got 0 sessions for user:email...
2023-06-19 18:11:38.132 [info] Getting sessions for all scopes...
2023-06-19 18:11:38.132 [info] Got 0 sessions for ...
2023-06-19 18:11:38.345 [info] Getting sessions for read:user...
2023-06-19 18:11:38.345 [info] Got 0 sessions for read:user...
2023-06-19 18:11:38.402 [info] Getting sessions for user:email...
2023-06-19 18:11:38.402 [info] Got 0 sessions for user:email...
2023-06-19 18:11:38.445 [info] Getting sessions for read:user,repo,user:email,workflow...
2023-06-19 18:11:38.445 [info] Got 0 sessions for read:user,repo,user:email,workflow...
2023-06-19 18:11:46.628 [info] Getting sessions for read:user...
2023-06-19 18:11:46.628 [info] Got 0 sessions for read:user...
2023-06-19 18:11:46.630 [info] Getting sessions for user:email...
2023-06-19 18:11:46.630 [info] Got 0 sessions for user:email...
2023-06-19 18:11:48.019 [info] Logging in for the following scopes: user:email
2023-06-19 18:11:48.030 [info] Trying without local server... (user:email)
2023-06-19 18:16:48.052 [error] Timed out
2023-06-19 18:29:00.236 [info] Trying with local server... (user:email)
2023-06-19 18:29:02.502 [info] Exchanging code for token...
2023-06-19 18:29:03.487 [info] Token exchange success!
2023-06-19 18:29:03.493 [info] Getting user info...
2023-06-19 18:29:03.968 [info] Got account info!
2023-06-19 18:29:03.970 [info] Storing 1 sessions...
2023-06-19 18:29:04.004 [error] Setting token failed: Error: GDBus.Error:org.freedesktop.DBus.Error.ServiceUnknown: The name org.freedesktop.secrets was not provided by any .service files
2023-06-19 18:29:04.004 [info] Stored 1 sessions!
2023-06-19 18:29:04.004 [info] Login success!
2023-06-19 18:29:04.005 [info] Getting sessions for user:email...
2023-06-19 18:29:04.005 [info] Got 1 sessions for user:email...
2023-06-19 18:29:04.006 [info] Getting sessions for read:user,repo,user:email,workflow...
2023-06-19 18:29:04.006 [info] Got 0 sessions for read:user,repo,user:email,workflow...
2023-06-19 18:29:04.006 [info] Getting sessions for read:user...
2023-06-19 18:29:04.006 [info] Got 0 sessions for read:user...
2023-06-19 18:29:04.077 [info] Getting sessions for user:email...
2023-06-19 18:29:04.077 [info] Got 1 sessions for user:email...
